[INFO] Scanning for projects...
[WARNING] The POM for commons-io:commons-io:jar:1.4 is invalid, transitive dependencies (if any) will not be available, enable debug logging for more details
Deflaker, version 1.5-SNAPSHOT loading...
Warning: Deflaker disabling incompatible org.apache.maven.plugins:maven-enforcer-plugin from commons-compress
Warning: Deflaker disabling incompatible org.apache.rat:apache-rat-plugin from commons-compress
Warning: Deflaker disabling incompatible org.jacoco:jacoco-maven-plugin from commons-compress
[INFO]                                                                         
[INFO] ------------------------------------------------------------------------
[INFO] Building Apache Commons Compress 1.20-SNAPSHOT
[INFO] ------------------------------------------------------------------------
Downloading: https://oss.sonatype.org/content/repositories/snapshots/org/eluder/coveralls/coveralls-maven-plugin/maven-metadata.xml
535/535 B               Downloaded: https://oss.sonatype.org/content/repositories/snapshots/org/eluder/coveralls/coveralls-maven-plugin/maven-metadata.xml (535 B at 0.8 KB/sec)
[INFO] 
[INFO] --- build-helper-maven-plugin:3.0.0:parse-version (parse-version) @ commons-compress ---
[INFO] 
[INFO] --- maven-antrun-plugin:1.8:run (javadoc.resources) @ commons-compress ---
[INFO] Executing tasks

main:
[INFO] Executed tasks
[INFO] 
[INFO] --- maven-remote-resources-plugin:1.5:process (process-resource-bundles) @ commons-compress ---
[INFO] 
[INFO] --- buildnumber-maven-plugin:1.4:create (default) @ commons-compress ---
[INFO] Executing: /bin/sh -c cd '/lv_scratch/scratch/mondego/local/Maruf/ASE/projects/commons-compress' && 'git' 'rev-parse' '--verify' 'HEAD'
[INFO] Working directory: /lv_scratch/scratch/mondego/local/Maruf/ASE/projects/commons-compress
[INFO] Storing buildNumber: ab7809b5c3de7a370a70f8236ec3f5c10c6383e2 at timestamp: 1586491583555
[INFO] Storing buildScmBranch: master
[INFO] 
[INFO] --- maven-resources-plugin:3.1.0:resources (default-resources) @ commons-compress ---
[INFO] Using 'iso-8859-1' encoding to copy filtered resources.
[INFO] skip non existing resourceDirectory /lv_scratch/scratch/mondego/local/Maruf/ASE/projects/commons-compress/src/main/resources
[INFO] Copying 2 resources to META-INF
[INFO] 
[INFO] --- maven-compiler-plugin:3.8.0:compile (default-compile) @ commons-compress ---
[INFO] Nothing to compile - all classes are up to date
[INFO] 
[INFO] --- maven-bundle-plugin:3.5.1:manifest (bundle-manifest) @ commons-compress ---
[INFO] 
[INFO] --- animal-sniffer-maven-plugin:1.17:check (checkAPIcompatibility) @ commons-compress ---
[INFO] Checking unresolved references to org.codehaus.mojo.signature:java17:1.0
[INFO] 
[INFO] --- maven-resources-plugin:3.1.0:testResources (default-testResources) @ commons-compress ---
[INFO] Using 'iso-8859-1' encoding to copy filtered resources.
[INFO] Copying 190 resources
[INFO] Copying 2 resources to META-INF
[INFO] 
[INFO] --- maven-antrun-plugin:1.8:run (default) @ commons-compress ---
[INFO] Executing tasks

main:
    [untar] Expanding: /lv_scratch/scratch/mondego/local/Maruf/ASE/projects/commons-compress/src/test/resources/zstd-tests.tar into /lv_scratch/scratch/mondego/local/Maruf/ASE/projects/commons-compress/target/test-classes
[INFO] Executed tasks
[INFO] 
[INFO] --- deflaker-maven-plugin:1.5-SNAPSHOT:diff (deflaker-diff) @ commons-compress ---
/lv_scratch/scratch/mondego/local/Maruf/ASE/projects/commons-compress/.git DIFF'ing to HEAD
[ERROR] fatal: Invalid path '/pkg/git/2.13.1/etc': No such file or directory

Diff'ing ab7809b5c3de7a370a70f8236ec3f5c10c6383e2 against: 7e7bfb5b37850d5142ae8c9d07fc78c5da04af67
[INFO] 
[INFO] --- maven-compiler-plugin:3.8.0:testCompile (default-testCompile) @ commons-compress ---
[INFO] Changes detected - recompiling the module!
[INFO] Compiling 150 source files to /lv_scratch/scratch/mondego/local/Maruf/ASE/projects/commons-compress/target/test-classes
[INFO] /lv_scratch/scratch/mondego/local/Maruf/ASE/projects/commons-compress/src/test/java/org/apache/commons/compress/archivers/zip/X5455_ExtendedTimestampTest.java: Some input files use or override a deprecated API.
[INFO] /lv_scratch/scratch/mondego/local/Maruf/ASE/projects/commons-compress/src/test/java/org/apache/commons/compress/archivers/zip/X5455_ExtendedTimestampTest.java: Recompile with -Xlint:deprecation for details.
[INFO] /lv_scratch/scratch/mondego/local/Maruf/ASE/projects/commons-compress/src/test/java/org/apache/commons/compress/compressors/z/ZCompressorInputStreamTest.java: /lv_scratch/scratch/mondego/local/Maruf/ASE/projects/commons-compress/src/test/java/org/apache/commons/compress/compressors/z/ZCompressorInputStreamTest.java uses unchecked or unsafe operations.
[INFO] /lv_scratch/scratch/mondego/local/Maruf/ASE/projects/commons-compress/src/test/java/org/apache/commons/compress/compressors/z/ZCompressorInputStreamTest.java: Recompile with -Xlint:unchecked for details.
[INFO] 
[INFO] --- maven-surefire-plugin:2.19.1:test (default-test) @ commons-compress ---

-------------------------------------------------------
 T E S T S
-------------------------------------------------------
Running org.apache.commons.compress.archivers.zip.BitStreamTest
Tests run: 5, Failures: 0, Errors: 0, Skipped: 0, Time elapsed: 0.033 sec - in org.apache.commons.compress.archivers.zip.BitStreamTest
Running org.apache.commons.compress.archivers.zip.EncryptedArchiveTest
Tests run: 2, Failures: 0, Errors: 0, Skipped: 0, Time elapsed: 0.038 sec - in org.apache.commons.compress.archivers.zip.EncryptedArchiveTest
Running org.apache.commons.compress.archivers.zip.ZipFileIgnoringLocalFileHeaderTest
Tests run: 5, Failures: 0, Errors: 0, Skipped: 0, Time elapsed: 0.031 sec - in org.apache.commons.compress.archivers.zip.ZipFileIgnoringLocalFileHeaderTest
Running org.apache.commons.compress.archivers.zip.ZipClassCoverageTest
Tests run: 3, Failures: 0, Errors: 0, Skipped: 0, Time elapsed: 0.003 sec - in org.apache.commons.compress.archivers.zip.ZipClassCoverageTest
Running org.apache.commons.compress.archivers.zip.ScatterSampleTest
Tests run: 1, Failures: 0, Errors: 0, Skipped: 0, Time elapsed: 0.014 sec - in org.apache.commons.compress.archivers.zip.ScatterSampleTest
Running org.apache.commons.compress.archivers.zip.ZipFileTest
Tests run: 36, Failures: 0, Errors: 0, Skipped: 0, Time elapsed: 0.121 sec - in org.apache.commons.compress.archivers.zip.ZipFileTest
Running org.apache.commons.compress.archivers.zip.UTF8ZipFilesTest
Tests run: 19, Failures: 0, Errors: 0, Skipped: 0, Time elapsed: 0.083 sec - in org.apache.commons.compress.archivers.zip.UTF8ZipFilesTest
Running org.apache.commons.compress.archivers.zip.Zip64ExtendedInformationExtraFieldTest
Tests run: 12, Failures: 0, Errors: 0, Skipped: 0, Time elapsed: 0.002 sec - in org.apache.commons.compress.archivers.zip.Zip64ExtendedInformationExtraFieldTest
Running org.apache.commons.compress.archivers.zip.ZipEightByteIntegerTest
Tests run: 6, Failures: 0, Errors: 0, Skipped: 0, Time elapsed: 0.001 sec - in org.apache.commons.compress.archivers.zip.ZipEightByteIntegerTest
Running org.apache.commons.compress.archivers.zip.X5455_ExtendedTimestampTest
Tests run: 7, Failures: 0, Errors: 0, Skipped: 0, Time elapsed: 0.021 sec - in org.apache.commons.compress.archivers.zip.X5455_ExtendedTimestampTest
Running org.apache.commons.compress.archivers.zip.ParallelScatterZipCreatorTest
Tests run: 3, Failures: 0, Errors: 0, Skipped: 0, Time elapsed: 1.115 sec - in org.apache.commons.compress.archivers.zip.ParallelScatterZipCreatorTest
Running org.apache.commons.compress.archivers.zip.X7875_NewUnixTest
Tests run: 5, Failures: 0, Errors: 0, Skipped: 0, Time elapsed: 0.002 sec - in org.apache.commons.compress.archivers.zip.X7875_NewUnixTest
Running org.apache.commons.compress.archivers.zip.AsiExtraFieldTest
Tests run: 4, Failures: 0, Errors: 0, Skipped: 0, Time elapsed: 0 sec - in org.apache.commons.compress.archivers.zip.AsiExtraFieldTest
Running org.apache.commons.compress.archivers.zip.X000A_NTFSTest
Tests run: 1, Failures: 0, Errors: 0, Skipped: 0, Time elapsed: 0 sec - in org.apache.commons.compress.archivers.zip.X000A_NTFSTest
Running org.apache.commons.compress.archivers.zip.ZipArchiveEntryTest
Tests run: 16, Failures: 0, Errors: 0, Skipped: 0, Time elapsed: 0.011 sec - in org.apache.commons.compress.archivers.zip.ZipArchiveEntryTest
Running org.apache.commons.compress.archivers.zip.ExtraFieldUtilsTest
Tests run: 7, Failures: 0, Errors: 0, Skipped: 0, Time elapsed: 0.002 sec - in org.apache.commons.compress.archivers.zip.ExtraFieldUtilsTest
Running org.apache.commons.compress.archivers.zip.ScatterZipOutputStreamTest
Tests run: 1, Failures: 0, Errors: 0, Skipped: 0, Time elapsed: 0.002 sec - in org.apache.commons.compress.archivers.zip.ScatterZipOutputStreamTest
Running org.apache.commons.compress.archivers.zip.DataDescriptorTest
Tests run: 3, Failures: 0, Errors: 0, Skipped: 0, Time elapsed: 0.004 sec - in org.apache.commons.compress.archivers.zip.DataDescriptorTest
Running org.apache.commons.compress.archivers.zip.ZipLongTest
Tests run: 6, Failures: 0, Errors: 0, Skipped: 0, Time elapsed: 0 sec - in org.apache.commons.compress.archivers.zip.ZipLongTest
Running org.apache.commons.compress.archivers.zip.PkWareExtraHeaderTest
Tests run: 2, Failures: 0, Errors: 0, Skipped: 0, Time elapsed: 0 sec - in org.apache.commons.compress.archivers.zip.PkWareExtraHeaderTest
Running org.apache.commons.compress.archivers.zip.Maven221MultiVolumeTest
Tests run: 2, Failures: 0, Errors: 0, Skipped: 0, Time elapsed: 0.105 sec - in org.apache.commons.compress.archivers.zip.Maven221MultiVolumeTest
Running org.apache.commons.compress.archivers.zip.ZipArchiveInputStreamTest
Tests run: 37, Failures: 0, Errors: 0, Skipped: 0, Time elapsed: 0.04 sec - in org.apache.commons.compress.archivers.zip.ZipArchiveInputStreamTest
Running org.apache.commons.compress.archivers.zip.ZipShortTest
Tests run: 6, Failures: 0, Errors: 0, Skipped: 0, Time elapsed: 0 sec - in org.apache.commons.compress.archivers.zip.ZipShortTest
Running org.apache.commons.compress.archivers.zip.CircularBufferTest
Tests run: 2, Failures: 0, Errors: 0, Skipped: 0, Time elapsed: 0 sec - in org.apache.commons.compress.archivers.zip.CircularBufferTest
Running org.apache.commons.compress.archivers.zip.StreamCompressorTest
Tests run: 3, Failures: 0, Errors: 0, Skipped: 0, Time elapsed: 0 sec - in org.apache.commons.compress.archivers.zip.StreamCompressorTest
Running org.apache.commons.compress.archivers.zip.ZipEncodingTest
Tests run: 7, Failures: 0, Errors: 0, Skipped: 0, Time elapsed: 0.004 sec - in org.apache.commons.compress.archivers.zip.ZipEncodingTest
Running org.apache.commons.compress.archivers.zip.GeneralPurposeBitTest
Tests run: 7, Failures: 0, Errors: 0, Skipped: 0, Time elapsed: 0.001 sec - in org.apache.commons.compress.archivers.zip.GeneralPurposeBitTest
Running org.apache.commons.compress.archivers.zip.ExplodeSupportTest
Tests run: 7, Failures: 0, Errors: 0, Skipped: 0, Time elapsed: 0.021 sec - in org.apache.commons.compress.archivers.zip.ExplodeSupportTest
Running org.apache.commons.compress.archivers.zip.BinaryTreeTest
Tests run: 2, Failures: 0, Errors: 0, Skipped: 0, Time elapsed: 0 sec - in org.apache.commons.compress.archivers.zip.BinaryTreeTest
Running org.apache.commons.compress.archivers.zip.NioZipEncodingTest
Tests run: 7, Failures: 0, Errors: 0, Skipped: 0, Time elapsed: 0.001 sec - in org.apache.commons.compress.archivers.zip.NioZipEncodingTest
Running org.apache.commons.compress.archivers.zip.ZipUtilTest
Tests run: 10, Failures: 0, Errors: 0, Skipped: 0, Time elapsed: 0.001 sec - in org.apache.commons.compress.archivers.zip.ZipUtilTest
Running org.apache.commons.compress.archivers.cpio.CpioArchiveOutputStreamTest
Tests run: 1, Failures: 0, Errors: 0, Skipped: 0, Time elapsed: 0.002 sec - in org.apache.commons.compress.archivers.cpio.CpioArchiveOutputStreamTest
Running org.apache.commons.compress.archivers.cpio.CpioArchiveTest
Tests run: 4, Failures: 0, Errors: 0, Skipped: 0, Time elapsed: 0.008 sec - in org.apache.commons.compress.archivers.cpio.CpioArchiveTest
Running org.apache.commons.compress.archivers.cpio.CpioUtilTest
Tests run: 7, Failures: 0, Errors: 0, Skipped: 0, Time elapsed: 0.001 sec - in org.apache.commons.compress.archivers.cpio.CpioUtilTest
Running org.apache.commons.compress.archivers.cpio.CpioArchiveInputStreamTest
Tests run: 5, Failures: 0, Errors: 0, Skipped: 0, Time elapsed: 0.011 sec - in org.apache.commons.compress.archivers.cpio.CpioArchiveInputStreamTest
Running org.apache.commons.compress.archivers.sevenz.SevenZOutputFileTest
Tests run: 33, Failures: 0, Errors: 0, Skipped: 0, Time elapsed: 1.214 sec - in org.apache.commons.compress.archivers.sevenz.SevenZOutputFileTest
Running org.apache.commons.compress.archivers.sevenz.SevenZArchiveEntryTest
Tests run: 8, Failures: 0, Errors: 0, Skipped: 0, Time elapsed: 0.001 sec - in org.apache.commons.compress.archivers.sevenz.SevenZArchiveEntryTest
Running org.apache.commons.compress.archivers.sevenz.AES256SHA256DecoderTest
Tests run: 1, Failures: 0, Errors: 0, Skipped: 0, Time elapsed: 0 sec - in org.apache.commons.compress.archivers.sevenz.AES256SHA256DecoderTest
Running org.apache.commons.compress.archivers.sevenz.CoverageTest
Analysing /dev/null/not-there
Tests run: 2, Failures: 0, Errors: 0, Skipped: 0, Time elapsed: 0.001 sec - in org.apache.commons.compress.archivers.sevenz.CoverageTest
Running org.apache.commons.compress.archivers.sevenz.SevenZMethodConfigurationTest
Tests run: 9, Failures: 0, Errors: 0, Skipped: 0, Time elapsed: 0.001 sec - in org.apache.commons.compress.archivers.sevenz.SevenZMethodConfigurationTest
Running org.apache.commons.compress.archivers.sevenz.SevenZFileTest
Tests run: 23, Failures: 0, Errors: 0, Skipped: 0, Time elapsed: 0.958 sec - in org.apache.commons.compress.archivers.sevenz.SevenZFileTest
Running org.apache.commons.compress.archivers.sevenz.FolderTest
Tests run: 4, Failures: 0, Errors: 0, Skipped: 0, Time elapsed: 0 sec - in org.apache.commons.compress.archivers.sevenz.FolderTest
Running org.apache.commons.compress.archivers.sevenz.SevenZNativeHeapTest
Tests run: 2, Failures: 0, Errors: 0, Skipped: 0, Time elapsed: 0 sec - in org.apache.commons.compress.archivers.sevenz.SevenZNativeHeapTest
Running org.apache.commons.compress.archivers.dump.DumpArchiveEntryTest
Tests run: 2, Failures: 0, Errors: 0, Skipped: 0, Time elapsed: 0 sec - in org.apache.commons.compress.archivers.dump.DumpArchiveEntryTest
Running org.apache.commons.compress.archivers.dump.DumpArchiveInputStreamTest
Tests run: 5, Failures: 0, Errors: 0, Skipped: 0, Time elapsed: 0.011 sec - in org.apache.commons.compress.archivers.dump.DumpArchiveInputStreamTest
Running org.apache.commons.compress.archivers.dump.DumpArchiveUtilTest
Tests run: 3, Failures: 0, Errors: 0, Skipped: 0, Time elapsed: 0 sec - in org.apache.commons.compress.archivers.dump.DumpArchiveUtilTest
Running org.apache.commons.compress.archivers.ZipTestCase
Tests run: 20, Failures: 0, Errors: 0, Skipped: 0, Time elapsed: 0.089 sec - in org.apache.commons.compress.archivers.ZipTestCase
Running org.apache.commons.compress.archivers.memory.MemoryArchiveTestCase
Tests run: 1, Failures: 0, Errors: 0, Skipped: 0, Time elapsed: 0 sec - in org.apache.commons.compress.archivers.memory.MemoryArchiveTestCase
Running org.apache.commons.compress.archivers.jar.JarArchiveOutputStreamTest
Tests run: 1, Failures: 0, Errors: 0, Skipped: 0, Time elapsed: 0 sec - in org.apache.commons.compress.archivers.jar.JarArchiveOutputStreamTest
Running org.apache.commons.compress.archivers.jar.JarMarkerTest
Tests run: 1, Failures: 0, Errors: 0, Skipped: 0, Time elapsed: 0 sec - in org.apache.commons.compress.archivers.jar.JarMarkerTest
Running org.apache.commons.compress.archivers.LongSymLinkTest
Tests run: 1, Failures: 0, Errors: 0, Skipped: 0, Time elapsed: 0.005 sec - in org.apache.commons.compress.archivers.LongSymLinkTest
Running org.apache.commons.compress.archivers.ArchiveOutputStreamTest
Tests run: 7, Failures: 0, Errors: 0, Skipped: 0, Time elapsed: 0.013 sec - in org.apache.commons.compress.archivers.ArchiveOutputStreamTest
Running org.apache.commons.compress.archivers.arj.ArjArchiveInputStreamTest
Tests run: 5, Failures: 0, Errors: 0, Skipped: 0, Time elapsed: 0.007 sec - in org.apache.commons.compress.archivers.arj.ArjArchiveInputStreamTest
Running org.apache.commons.compress.archivers.arj.CoverageTest
Tests run: 3, Failures: 0, Errors: 0, Skipped: 0, Time elapsed: 0.001 sec - in org.apache.commons.compress.archivers.arj.CoverageTest
Running org.apache.commons.compress.archivers.tar.TarUtilsTest
Tests run: 17, Failures: 0, Errors: 0, Skipped: 0, Time elapsed: 0.002 sec - in org.apache.commons.compress.archivers.tar.TarUtilsTest
Running org.apache.commons.compress.archivers.tar.TarArchiveInputStreamTest
Tests run: 21, Failures: 0, Errors: 0, Skipped: 0, Time elapsed: 0.02 sec - in org.apache.commons.compress.archivers.tar.TarArchiveInputStreamTest
Running org.apache.commons.compress.archivers.tar.TarArchiveEntryTest
Tests run: 8, Failures: 0, Errors: 0, Skipped: 1, Time elapsed: 0.005 sec - in org.apache.commons.compress.archivers.tar.TarArchiveEntryTest
Running org.apache.commons.compress.archivers.tar.TarArchiveOutputStreamTest
Tests run: 29, Failures: 0, Errors: 0, Skipped: 0, Time elapsed: 2.059 sec - in org.apache.commons.compress.archivers.tar.TarArchiveOutputStreamTest
Running org.apache.commons.compress.archivers.tar.SparseFilesTest
Tests run: 2, Failures: 0, Errors: 0, Skipped: 0, Time elapsed: 0 sec - in org.apache.commons.compress.archivers.tar.SparseFilesTest
Running org.apache.commons.compress.archivers.ArchiveServiceLoaderTest
Tests run: 2, Failures: 0, Errors: 0, Skipped: 0, Time elapsed: 0.004 sec - in org.apache.commons.compress.archivers.ArchiveServiceLoaderTest
Running org.apache.commons.compress.archivers.ExceptionMessageTest
Tests run: 4, Failures: 0, Errors: 0, Skipped: 0, Time elapsed: 0 sec - in org.apache.commons.compress.archivers.ExceptionMessageTest
Running org.apache.commons.compress.archivers.CpioTestCase
Tests run: 6, Failures: 0, Errors: 0, Skipped: 0, Time elapsed: 0.014 sec - in org.apache.commons.compress.archivers.CpioTestCase
Running org.apache.commons.compress.archivers.ar.ArArchiveOutputStreamTest
Tests run: 2, Failures: 0, Errors: 0, Skipped: 0, Time elapsed: 0.004 sec - in org.apache.commons.compress.archivers.ar.ArArchiveOutputStreamTest
Running org.apache.commons.compress.archivers.ar.ArArchiveInputStreamTest
Tests run: 7, Failures: 0, Errors: 0, Skipped: 0, Time elapsed: 0.012 sec - in org.apache.commons.compress.archivers.ar.ArArchiveInputStreamTest
Running org.apache.commons.compress.archivers.examples.ParameterizedExpanderTest
Tests run: 18, Failures: 0, Errors: 0, Skipped: 0, Time elapsed: 0.055 sec - in org.apache.commons.compress.archivers.examples.ParameterizedExpanderTest
Running org.apache.commons.compress.archivers.examples.SevenZArchiverTest
Tests run: 4, Failures: 0, Errors: 0, Skipped: 0, Time elapsed: 0.324 sec - in org.apache.commons.compress.archivers.examples.SevenZArchiverTest
Running org.apache.commons.compress.archivers.examples.ParameterizedArchiverTest
Tests run: 12, Failures: 0, Errors: 0, Skipped: 0, Time elapsed: 0.028 sec - in org.apache.commons.compress.archivers.examples.ParameterizedArchiverTest
Running org.apache.commons.compress.archivers.examples.ExpanderTest
Tests run: 10, Failures: 0, Errors: 0, Skipped: 0, Time elapsed: 0.319 sec - in org.apache.commons.compress.archivers.examples.ExpanderTest
Running org.apache.commons.compress.archivers.SevenZTestCase
Tests run: 16, Failures: 0, Errors: 0, Skipped: 0, Time elapsed: 0.639 sec - in org.apache.commons.compress.archivers.SevenZTestCase
Running org.apache.commons.compress.archivers.LongPathTest
Tests run: 24, Failures: 0, Errors: 0, Skipped: 0, Time elapsed: 0.134 sec - in org.apache.commons.compress.archivers.LongPathTest
Running org.apache.commons.compress.archivers.ArTestCase
Tests run: 7, Failures: 0, Errors: 0, Skipped: 2, Time elapsed: 0.014 sec - in org.apache.commons.compress.archivers.ArTestCase
Running org.apache.commons.compress.archivers.JarTestCase
Tests run: 3, Failures: 0, Errors: 0, Skipped: 0, Time elapsed: 0.01 sec - in org.apache.commons.compress.archivers.JarTestCase
Running org.apache.commons.compress.archivers.DumpTestCase
Tests run: 6, Failures: 0, Errors: 0, Skipped: 0, Time elapsed: 0.017 sec - in org.apache.commons.compress.archivers.DumpTestCase
Running org.apache.commons.compress.archivers.ArchiveStreamFactoryTest
Tests run: 13, Failures: 0, Errors: 0, Skipped: 0, Time elapsed: 0.012 sec - in org.apache.commons.compress.archivers.ArchiveStreamFactoryTest
Running org.apache.commons.compress.archivers.TarTestCase
Tests run: 10, Failures: 0, Errors: 0, Skipped: 0, Time elapsed: 0.014 sec - in org.apache.commons.compress.archivers.TarTestCase
Running org.apache.commons.compress.compressors.deflate64.HuffmanDecoderTest
Tests run: 7, Failures: 0, Errors: 0, Skipped: 0, Time elapsed: 0.001 sec - in org.apache.commons.compress.compressors.deflate64.HuffmanDecoderTest
Running org.apache.commons.compress.compressors.deflate64.Deflate64CompressorInputStreamTest
Tests run: 12, Failures: 0, Errors: 0, Skipped: 0, Time elapsed: 0.199 sec - in org.apache.commons.compress.compressors.deflate64.Deflate64CompressorInputStreamTest
Running org.apache.commons.compress.compressors.deflate64.Deflate64BugsTest
Tests run: 1, Failures: 0, Errors: 0, Skipped: 0, Time elapsed: 0.003 sec - in org.apache.commons.compress.compressors.deflate64.Deflate64BugsTest
Running org.apache.commons.compress.compressors.bzip2.BlockSortTest
Tests run: 7, Failures: 0, Errors: 0, Skipped: 0, Time elapsed: 0.013 sec - in org.apache.commons.compress.compressors.bzip2.BlockSortTest
Running org.apache.commons.compress.compressors.bzip2.BZip2CompressorInputStreamTest
Tests run: 4, Failures: 0, Errors: 0, Skipped: 0, Time elapsed: 0.515 sec - in org.apache.commons.compress.compressors.bzip2.BZip2CompressorInputStreamTest
Running org.apache.commons.compress.compressors.bzip2.PythonTruncatedBzip2Test
Attempt to read the whole thing in, should throw ...
Tests run: 2, Failures: 0, Errors: 0, Skipped: 0, Time elapsed: 0.006 sec - in org.apache.commons.compress.compressors.bzip2.PythonTruncatedBzip2Test
Running org.apache.commons.compress.compressors.GzipUtilsTestCase
Tests run: 3, Failures: 0, Errors: 0, Skipped: 0, Time elapsed: 0.001 sec - in org.apache.commons.compress.compressors.GzipUtilsTestCase
Running org.apache.commons.compress.compressors.lz4.BlockLZ4CompressorInputStreamTest
Tests run: 3, Failures: 0, Errors: 0, Skipped: 0, Time elapsed: 0.006 sec - in org.apache.commons.compress.compressors.lz4.BlockLZ4CompressorInputStreamTest
Running org.apache.commons.compress.compressors.lz4.XXHash32Test
Tests run: 3, Failures: 0, Errors: 0, Skipped: 0, Time elapsed: 0.034 sec - in org.apache.commons.compress.compressors.lz4.XXHash32Test
Running org.apache.commons.compress.compressors.lz4.FramedLZ4CompressorRoundtripTest
Tests run: 24, Failures: 0, Errors: 0, Skipped: 0, Time elapsed: 2.402 sec - in org.apache.commons.compress.compressors.lz4.FramedLZ4CompressorRoundtripTest
Running org.apache.commons.compress.compressors.lz4.FactoryTest
Tests run: 2, Failures: 0, Errors: 0, Skipped: 0, Time elapsed: 0.005 sec - in org.apache.commons.compress.compressors.lz4.FactoryTest
Running org.apache.commons.compress.compressors.lz4.FramedLZ4CompressorInputStreamTest
Tests run: 39, Failures: 0, Errors: 0, Skipped: 0, Time elapsed: 0.055 sec - in org.apache.commons.compress.compressors.lz4.FramedLZ4CompressorInputStreamTest
Running org.apache.commons.compress.compressors.lz4.BlockLZ4CompressorRoundtripTest
Tests run: 9, Failures: 0, Errors: 0, Skipped: 0, Time elapsed: 1.009 sec - in org.apache.commons.compress.compressors.lz4.BlockLZ4CompressorRoundtripTest
Running org.apache.commons.compress.compressors.lz4.BlockLZ4CompressorOutputStreamTest
Tests run: 20, Failures: 0, Errors: 0, Skipped: 2, Time elapsed: 0.01 sec - in org.apache.commons.compress.compressors.lz4.BlockLZ4CompressorOutputStreamTest
Running org.apache.commons.compress.compressors.brotli.BrotliCompressorInputStreamTest
Tests run: 10, Failures: 0, Errors: 0, Skipped: 0, Time elapsed: 0.101 sec - in org.apache.commons.compress.compressors.brotli.BrotliCompressorInputStreamTest
Running org.apache.commons.compress.compressors.DetectCompressorTestCase
Tests run: 8, Failures: 0, Errors: 0, Skipped: 0, Time elapsed: 0.256 sec - in org.apache.commons.compress.compressors.DetectCompressorTestCase
Running org.apache.commons.compress.compressors.FramedSnappyTestCase
Tests run: 5, Failures: 0, Errors: 0, Skipped: 0, Time elapsed: 0.371 sec - in org.apache.commons.compress.compressors.FramedSnappyTestCase
Running org.apache.commons.compress.compressors.deflate.DeflateCompressorOutputStreamTest
Tests run: 1, Failures: 0, Errors: 0, Skipped: 0, Time elapsed: 0 sec - in org.apache.commons.compress.compressors.deflate.DeflateCompressorOutputStreamTest
Running org.apache.commons.compress.compressors.deflate.DeflateParametersTest
Tests run: 3, Failures: 0, Errors: 0, Skipped: 0, Time elapsed: 0 sec - in org.apache.commons.compress.compressors.deflate.DeflateParametersTest
Running org.apache.commons.compress.compressors.deflate.DeflateCompressorInputStreamTest
Tests run: 5, Failures: 0, Errors: 0, Skipped: 0, Time elapsed: 0 sec - in org.apache.commons.compress.compressors.deflate.DeflateCompressorInputStreamTest
Running org.apache.commons.compress.compressors.zstandard.ZstdRoundtripTest
Tests run: 5, Failures: 0, Errors: 0, Skipped: 0, Time elapsed: 0.01 sec - in org.apache.commons.compress.compressors.zstandard.ZstdRoundtripTest
Running org.apache.commons.compress.compressors.zstandard.ZstdUtilsTest
Tests run: 2, Failures: 0, Errors: 0, Skipped: 0, Time elapsed: 0 sec - in org.apache.commons.compress.compressors.zstandard.ZstdUtilsTest
Running org.apache.commons.compress.compressors.zstandard.ZstdCompressorInputStreamTest
Tests run: 9, Failures: 0, Errors: 0, Skipped: 0, Time elapsed: 0.008 sec - in org.apache.commons.compress.compressors.zstandard.ZstdCompressorInputStreamTest
Running org.apache.commons.compress.compressors.BZip2UtilsTestCase
Tests run: 3, Failures: 0, Errors: 0, Skipped: 0, Time elapsed: 0 sec - in org.apache.commons.compress.compressors.BZip2UtilsTestCase
Running org.apache.commons.compress.compressors.LZMATestCase
Tests run: 5, Failures: 0, Errors: 0, Skipped: 0, Time elapsed: 0.057 sec - in org.apache.commons.compress.compressors.LZMATestCase
Running org.apache.commons.compress.compressors.pack200.Pack200UtilsTest
Tests run: 2, Failures: 0, Errors: 0, Skipped: 0, Time elapsed: 0.126 sec - in org.apache.commons.compress.compressors.pack200.Pack200UtilsTest
Running org.apache.commons.compress.compressors.CompressorServiceLoaderTest
Tests run: 2, Failures: 0, Errors: 0, Skipped: 0, Time elapsed: 0.002 sec - in org.apache.commons.compress.compressors.CompressorServiceLoaderTest
Running org.apache.commons.compress.compressors.snappy.FramedSnappyCompressorInputStreamTest
Tests run: 10, Failures: 0, Errors: 0, Skipped: 0, Time elapsed: 0.137 sec - in org.apache.commons.compress.compressors.snappy.FramedSnappyCompressorInputStreamTest
Running org.apache.commons.compress.compressors.snappy.SnappyRoundtripTest
Tests run: 7, Failures: 0, Errors: 0, Skipped: 0, Time elapsed: 1.088 sec - in org.apache.commons.compress.compressors.snappy.SnappyRoundtripTest
Running org.apache.commons.compress.compressors.XZTestCase
XZTestCase: HeapMax=2098200576 bytes 2001.0 MB
Tests run: 4, Failures: 0, Errors: 0, Skipped: 0, Time elapsed: 0.059 sec - in org.apache.commons.compress.compressors.XZTestCase
Running org.apache.commons.compress.compressors.GZipTestCase
Tests run: 15, Failures: 0, Errors: 0, Skipped: 0, Time elapsed: 0.015 sec - in org.apache.commons.compress.compressors.GZipTestCase
Running org.apache.commons.compress.compressors.ZTestCase
Tests run: 4, Failures: 0, Errors: 0, Skipped: 0, Time elapsed: 0.006 sec - in org.apache.commons.compress.compressors.ZTestCase
Running org.apache.commons.compress.compressors.DeflateTestCase
Tests run: 4, Failures: 0, Errors: 0, Skipped: 0, Time elapsed: 0.003 sec - in org.apache.commons.compress.compressors.DeflateTestCase
Running org.apache.commons.compress.compressors.xz.XZUtilsTestCase
Tests run: 7, Failures: 0, Errors: 0, Skipped: 0, Time elapsed: 0 sec - in org.apache.commons.compress.compressors.xz.XZUtilsTestCase
Running org.apache.commons.compress.compressors.xz.XZCompressorInputStreamTest
Tests run: 5, Failures: 0, Errors: 0, Skipped: 0, Time elapsed: 0.018 sec - in org.apache.commons.compress.compressors.xz.XZCompressorInputStreamTest
Running org.apache.commons.compress.compressors.xz.XZCompressorOutputStreamTest
Tests run: 1, Failures: 0, Errors: 0, Skipped: 0, Time elapsed: 0.055 sec - in org.apache.commons.compress.compressors.xz.XZCompressorOutputStreamTest
Running org.apache.commons.compress.compressors.lz77support.LZ77CompressorTest
Tests run: 14, Failures: 0, Errors: 0, Skipped: 0, Time elapsed: 0.004 sec - in org.apache.commons.compress.compressors.lz77support.LZ77CompressorTest
Running org.apache.commons.compress.compressors.lz77support.AbstractLZ77CompressorInputStreamTest
Tests run: 3, Failures: 0, Errors: 0, Skipped: 0, Time elapsed: 0.001 sec - in org.apache.commons.compress.compressors.lz77support.AbstractLZ77CompressorInputStreamTest
Running org.apache.commons.compress.compressors.lz77support.ParametersTest
Tests run: 14, Failures: 0, Errors: 0, Skipped: 0, Time elapsed: 0 sec - in org.apache.commons.compress.compressors.lz77support.ParametersTest
Running org.apache.commons.compress.compressors.Pack200TestCase
Tests run: 15, Failures: 0, Errors: 0, Skipped: 0, Time elapsed: 0.075 sec - in org.apache.commons.compress.compressors.Pack200TestCase
Running org.apache.commons.compress.compressors.CompressorStreamFactoryRoundtripTest
Tests run: 4, Failures: 0, Errors: 0, Skipped: 0, Time elapsed: 0.048 sec - in org.apache.commons.compress.compressors.CompressorStreamFactoryRoundtripTest
Running org.apache.commons.compress.compressors.z.ZCompressorInputStreamTest
Tests run: 3, Failures: 0, Errors: 0, Skipped: 0, Time elapsed: 0.026 sec - in org.apache.commons.compress.compressors.z.ZCompressorInputStreamTest
Running org.apache.commons.compress.compressors.lzma.LZMAUtilsTestCase
Tests run: 7, Failures: 0, Errors: 0, Skipped: 0, Time elapsed: 0 sec - in org.apache.commons.compress.compressors.lzma.LZMAUtilsTestCase
Running org.apache.commons.compress.compressors.BZip2TestCase
Tests run: 5, Failures: 0, Errors: 0, Skipped: 0, Time elapsed: 0.012 sec - in org.apache.commons.compress.compressors.BZip2TestCase
Running org.apache.commons.compress.utils.IOUtilsTest
Tests run: 6, Failures: 0, Errors: 0, Skipped: 0, Time elapsed: 0.001 sec - in org.apache.commons.compress.utils.IOUtilsTest
Running org.apache.commons.compress.utils.ServiceLoaderIteratorTest
Tests run: 3, Failures: 0, Errors: 0, Skipped: 0, Time elapsed: 0 sec - in org.apache.commons.compress.utils.ServiceLoaderIteratorTest
Running org.apache.commons.compress.utils.ChecksumVerifyingInputStreamTest
Tests run: 3, Failures: 0, Errors: 0, Skipped: 0, Time elapsed: 0 sec - in org.apache.commons.compress.utils.ChecksumVerifyingInputStreamTest
Running org.apache.commons.compress.utils.BitInputStreamTest
Tests run: 18, Failures: 0, Errors: 0, Skipped: 0, Time elapsed: 0 sec - in org.apache.commons.compress.utils.BitInputStreamTest
Running org.apache.commons.compress.utils.FixedLengthBlockOutputStreamTest
Tests run: 9, Failures: 0, Errors: 0, Skipped: 0, Time elapsed: 0.086 sec - in org.apache.commons.compress.utils.FixedLengthBlockOutputStreamTest
Running org.apache.commons.compress.utils.CharsetsTest
Tests run: 1, Failures: 0, Errors: 0, Skipped: 0, Time elapsed: 0 sec - in org.apache.commons.compress.utils.CharsetsTest
Running org.apache.commons.compress.utils.ChecksumCalculatingInputStreamTest
Tests run: 7, Failures: 0, Errors: 0, Skipped: 0, Time elapsed: 0 sec - in org.apache.commons.compress.utils.ChecksumCalculatingInputStreamTest
Running org.apache.commons.compress.utils.SeekableInMemoryByteChannelTest
Tests run: 13, Failures: 0, Errors: 0, Skipped: 0, Time elapsed: 0.001 sec - in org.apache.commons.compress.utils.SeekableInMemoryByteChannelTest
Running org.apache.commons.compress.utils.CountingStreamTest
Tests run: 2, Failures: 0, Errors: 0, Skipped: 0, Time elapsed: 0 sec - in org.apache.commons.compress.utils.CountingStreamTest
Running org.apache.commons.compress.utils.ByteUtilsTest
Tests run: 26, Failures: 0, Errors: 0, Skipped: 0, Time elapsed: 0 sec - in org.apache.commons.compress.utils.ByteUtilsTest
Running org.apache.commons.compress.utils.SkipShieldingInputStreamTest
Tests run: 3, Failures: 0, Errors: 0, Skipped: 0, Time elapsed: 0 sec - in org.apache.commons.compress.utils.SkipShieldingInputStreamTest
Running org.apache.commons.compress.utils.MultiReadOnlySeekableByteChannelTest
Tests run: 13, Failures: 0, Errors: 0, Skipped: 0, Time elapsed: 0.03 sec - in org.apache.commons.compress.utils.MultiReadOnlySeekableByteChannelTest
Running org.apache.commons.compress.ArchiveReadTest
Tests run: 18, Failures: 0, Errors: 0, Skipped: 0, Time elapsed: 0.065 sec - in org.apache.commons.compress.ArchiveReadTest
Running org.apache.commons.compress.ArchiveUtilsTest
Tests run: 11, Failures: 0, Errors: 0, Skipped: 0, Time elapsed: 0.011 sec - in org.apache.commons.compress.ArchiveUtilsTest
Running org.apache.commons.compress.OsgiITest
Tests run: 1, Failures: 0, Errors: 1, Skipped: 0, Time elapsed: 1.28 sec <<< FAILURE! - in org.apache.commons.compress.OsgiITest
loadBundle(org.apache.commons.compress.OsgiITest)  Time elapsed: 1.185 sec  <<< ERROR!
java.io.IOException: Error resolving artifact org.ops4j.pax.exam:pax-exam-inject:jar:4.13.1: Could not transfer artifact org.ops4j.pax.exam:pax-exam-inject:jar:4.13.1 from/to central (http://repo1.maven.org/maven2/): Failed to transfer file: http://repo1.maven.org/maven2/org/ops4j/pax/exam/pax-exam-inject/4.13.1/pax-exam-inject-4.13.1.jar. Return code is: 501 , ReasonPhrase:HTTPS Required.

Running org.apache.commons.compress.ChainingTestCase
Tests run: 2, Failures: 0, Errors: 0, Skipped: 0, Time elapsed: 0.005 sec - in org.apache.commons.compress.ChainingTestCase
Running org.apache.commons.compress.DetectArchiverTestCase
Tests run: 7, Failures: 0, Errors: 0, Skipped: 0, Time elapsed: 0.013 sec - in org.apache.commons.compress.DetectArchiverTestCase
Running org.apache.commons.compress.IOMethodsTest
Tests run: 10, Failures: 0, Errors: 0, Skipped: 0, Time elapsed: 0.029 sec - in org.apache.commons.compress.IOMethodsTest
Running org.apache.commons.compress.changes.ChangeTest
Tests run: 3, Failures: 0, Errors: 0, Skipped: 0, Time elapsed: 0 sec - in org.apache.commons.compress.changes.ChangeTest
Running org.apache.commons.compress.changes.ChangeSetTestCase
Tests run: 28, Failures: 0, Errors: 0, Skipped: 0, Time elapsed: 0.17 sec - in org.apache.commons.compress.changes.ChangeSetTestCase

Results :

Tests in error: 
  OsgiITest.loadBundle Â» IO Error resolving artifact org.ops4j.pax.exam:pax-exam...

Tests run: 1105, Failures: 0, Errors: 1, Skipped: 5

[ERROR] There are test failures.

Please refer to /lv_scratch/scratch/mondego/local/Maruf/ASE/projects/commons-compress/target/surefire-reports for the individual test results.
[INFO] 
[INFO] --- maven-surefire-plugin:2.19.1:test (default-test-rerunfailures) @ commons-compress ---

-------------------------------------------------------
 T E S T S
-------------------------------------------------------

Results :

Tests run: 0, Failures: 0, Errors: 0, Skipped: 0

[INFO] 
[INFO] --- deflaker-maven-plugin:1.5-SNAPSHOT:report (deflaker-report-tests) @ commons-compress ---
[INFO] ------------------------------------------------------------------------
[INFO] TEST DIFFCOV ANALYSIS
[INFO] Apache Commons Compresscommons-compress
[INFO] ------------------------------------------------------------------------
[INFO] Using covFile: /lv_scratch/scratch/mondego/local/Maruf/ASE/projects/commons-compress/target/diffcov.log
[INFO] Using difFile: /lv_scratch/scratch/mondego/local/Maruf/ASE/projects/commons-compress/.diffCache
[WARNING] FLAKY>> Test org.apache.commons.compress.OsgiITest.loadBundle failed, but did not appear to run any changed code
[WARNING] 
There are test failures!

[INFO] 
[INFO] --- maven-jar-plugin:3.1.1:jar (default-jar) @ commons-compress ---
[INFO] Building jar: /lv_scratch/scratch/mondego/local/Maruf/ASE/projects/commons-compress/target/commons-compress-1.20-SNAPSHOT.jar
[INFO] 
[INFO] --- maven-site-plugin:3.7.1:attach-descriptor (attach-descriptor) @ commons-compress ---
[INFO] Skipping because packaging 'jar' is not pom.
[INFO] 
[INFO] --- maven-jar-plugin:3.1.1:test-jar (default) @ commons-compress ---
[INFO] Building jar: /lv_scratch/scratch/mondego/local/Maruf/ASE/projects/commons-compress/target/commons-compress-1.20-SNAPSHOT-tests.jar
[INFO] 
[INFO] --- maven-source-plugin:3.0.1:jar-no-fork (create-source-jar) @ commons-compress ---
[INFO] Building jar: /lv_scratch/scratch/mondego/local/Maruf/ASE/projects/commons-compress/target/commons-compress-1.20-SNAPSHOT-sources.jar
[INFO] 
[INFO] --- maven-source-plugin:3.0.1:test-jar-no-fork (create-source-jar) @ commons-compress ---
[INFO] Building jar: /lv_scratch/scratch/mondego/local/Maruf/ASE/projects/commons-compress/target/commons-compress-1.20-SNAPSHOT-test-sources.jar
[INFO] 
[INFO] --- japicmp-maven-plugin:0.13.0:cmp (default) @ commons-compress ---
Downloading: https://repo.maven.apache.org/maven2/com/github/siom79/japicmp/japicmp/0.13.0/japicmp-0.13.0.pom
2/5 KB      3/5 KB   5/5 KB            Downloaded: https://repo.maven.apache.org/maven2/com/github/siom79/japicmp/japicmp/0.13.0/japicmp-0.13.0.pom (5 KB at 31.1 KB/sec)
Downloading: https://repo.maven.apache.org/maven2/org/javassist/javassist/3.23.1-GA/javassist-3.23.1-GA.pom
2/11 KB   3/11 KB   5/11 KB   6/11 KB   7/11 KB   9/11 KB   10/11 KB   11/11 KB              Downloaded: https://repo.maven.apache.org/maven2/org/javassist/javassist/3.23.1-GA/javassist-3.23.1-GA.pom (11 KB at 153.7 KB/sec)
Downloading: https://repo.maven.apache.org/maven2/javax/xml/bind/jaxb-api/2.2.7/jaxb-api-2.2.7.pom
2/8 KB     3/8 KB   5/8 KB   6/8 KB   7/8 KB   8/8 KB            Downloaded: https://repo.maven.apache.org/maven2/javax/xml/bind/jaxb-api/2.2.7/jaxb-api-2.2.7.pom (8 KB at 179.8 KB/sec)
[WARNING] The POM for javax.xml.bind:jaxb-api:jar:2.2.7 is invalid, transitive dependencies (if any) will not be available, enable debug logging for more details
Downloading: https://repo.maven.apache.org/maven2/com/sun/xml/bind/jaxb-core/2.2.7/jaxb-core-2.2.7.pom
2/5 KB   3/5 KB   5/5 KB   5/5 KB            Downloaded: https://repo.maven.apache.org/maven2/com/sun/xml/bind/jaxb-core/2.2.7/jaxb-core-2.2.7.pom (5 KB at 85.0 KB/sec)
[WARNING] The POM for com.sun.xml.bind:jaxb-core:jar:2.2.7 is invalid, transitive dependencies (if any) will not be available, enable debug logging for more details
[WARNING] The POM for com.sun.xml.bind:jaxb-impl:jar:2.2.7 is invalid, transitive dependencies (if any) will not be available, enable debug logging for more details
Downloading: https://repo.maven.apache.org/maven2/org/codehaus/groovy/groovy-jsr223/2.4.6/groovy-jsr223-2.4.6.pom
2/16 KB   3/16 KB   5/16 KB   6/16 KB   7/16 KB   9/16 KB   10/16 KB   11/16 KB   13/16 KB   14/16 KB   15/16 KB   16/16 KB              Downloaded: https://repo.maven.apache.org/maven2/org/codehaus/groovy/groovy-jsr223/2.4.6/groovy-jsr223-2.4.6.pom (16 KB at 280.0 KB/sec)
Downloading: https://repo.maven.apache.org/maven2/org/codehaus/groovy/groovy/2.4.6/groovy-2.4.6.pom
2/17 KB    3/17 KB   5/17 KB   6/17 KB   7/17 KB   9/17 KB   10/17 KB   11/17 KB   13/17 KB   14/17 KB   15/17 KB   17/17 KB   17/17 KB              Downloaded: https://repo.maven.apache.org/maven2/org/codehaus/groovy/groovy/2.4.6/groovy-2.4.6.pom (17 KB at 246.4 KB/sec)
Downloading: https://repo.maven.apache.org/maven2/com/github/siom79/japicmp/japicmp/0.13.0/japicmp-0.13.0.jar
Downloading: https://repo.maven.apache.org/maven2/org/javassist/javassist/3.23.1-GA/javassist-3.23.1-GA.jar
Downloading: https://repo.maven.apache.org/maven2/javax/xml/bind/jaxb-api/2.2.7/jaxb-api-2.2.7.jar
Downloading: https://repo.maven.apache.org/maven2/org/codehaus/groovy/groovy-jsr223/2.4.6/groovy-jsr223-2.4.6.jar
Downloading: https://repo.maven.apache.org/maven2/org/codehaus/groovy/groovy/2.4.6/groovy-2.4.6.jar
2/753 KB   3/753 KB   5/753 KB   6/753 KB   7/753 KB   9/753 KB   10/753 KB   11/753 KB   13/753 KB   14/753 KB   15/753 KB   17/753 KB   18/753 KB   19/753 KB   21/753 KB   22/753 KB   23/753 KB   25/753 KB   26/753 KB   27/753 KB   29/753 KB   30/753 KB   31/753 KB   33/753 KB   34/753 KB   35/753 KB   37/753 KB   38/753 KB   39/753 KB   41/753 KB   42/753 KB   43/753 KB   43/753 KB   2/98 KB   45/753 KB   2/98 KB   46/753 KB   2/98 KB   47/753 KB   2/98 KB   49/753 KB   2/98 KB   50/753 KB   2/98 KB   51/753 KB   2/98 KB   51/753 KB   3/98 KB   53/753 KB   3/98 KB   53/753 KB   5/98 KB   54/753 KB   5/98 KB   54/753 KB   6/98 KB   55/753 KB   6/98 KB   55/753 KB   7/98 KB   57/753 KB   7/98 KB   57/753 KB   9/98 KB   58/753 KB   9/98 KB   58/753 KB   10/98 KB   59/753 KB   10/98 KB   59/753 KB   10/98 KB   2/21 KB   59/753 KB   11/98 KB   2/21 KB   61/753 KB   11/98 KB   2/21 KB   62/753 KB   11/98 KB   2/21 KB   62/753 KB   13/98 KB   2/21 KB   63/753 KB   13/98 KB   2/21 KB   63/753 KB   14/98 KB   2/21 KB   65/753 KB   14/98 KB   2/21 KB   65/753 KB   14/98 KB   3/21 KB   66/753 KB   15/98 KB   3/21 KB   66/753 KB   15/98 KB   3/21 KB   66/753 KB   15/98 KB   5/21 KB   66/753 KB   17/98 KB   5/21 KB   67/753 KB   17/98 KB   6/21 KB   67/753 KB   17/98 KB   6/21 KB   67/753 KB   18/98 KB   6/21 KB   67/753 KB   18/98 KB   7/21 KB   69/753 KB   19/98 KB   7/21 KB   69/753 KB   19/98 KB   7/21 KB   69/753 KB   19/98 KB   9/21 KB   69/753 KB   21/98 KB   9/21 KB   70/753 KB   21/98 KB   10/21 KB   70/753 KB   21/98 KB   10/21 KB   70/753 KB   21/98 KB   11/21 KB   70/753 KB   22/98 KB   11/21 KB   71/753 KB   22/98 KB   11/21 KB   71/753 KB   22/98 KB   13/21 KB   73/753 KB   22/98 KB   13/21 KB   73/753 KB   23/98 KB   13/21 KB   74/753 KB   25/98 KB   13/21 KB   74/753 KB   25/98 KB   13/21 KB   75/753 KB   25/98 KB   13/21 KB   75/753 KB   26/98 KB   13/21 KB   75/753 KB   26/98 KB   14/21 KB   77/753 KB   26/98 KB   14/21 KB   77/753 KB   26/98 KB   2/4452 KB   14/21 KB   77/753 KB   26/98 KB   2/4452 KB   15/21 KB   78/753 KB   26/98 KB   2/4452 KB   15/21 KB   78/753 KB   27/98 KB   2/4452 KB   15/21 KB   78/753 KB   27/98 KB   2/4452 KB   17/21 KB   79/753 KB   27/98 KB   2/4452 KB   17/21 KB   79/753 KB   27/98 KB   2/4452 KB   18/21 KB   79/753 KB   29/98 KB   2/4452 KB   18/21 KB   81/753 KB   29/98 KB   2/4452 KB   18/21 KB   81/753 KB   29/98 KB   2/4452 KB   19/21 KB   82/753 KB   29/98 KB   2/4452 KB   19/21 KB   82/753 KB   29/98 KB   2/4452 KB   21/21 KB   82/753 KB   30/98 KB   2/4452 KB   21/21 KB   84/753 KB   30/98 KB   2/4452 KB   21/21 KB   85/753 KB   30/98 KB   2/4452 KB   21/21 KB   85/753 KB   31/98 KB   2/4452 KB   21/21 KB   86/753 KB   31/98 KB   2/4452 KB   21/21 KB   86/753 KB   33/98 KB   2/4452 KB   21/21 KB   88/753 KB   33/98 KB   2/4452 KB   21/21 KB   89/753 KB   33/98 KB   2/4452 KB   21/21 KB   89/753 KB   34/98 KB   2/4452 KB   21/21 KB   90/753 KB   34/98 KB   2/4452 KB   21/21 KB   92/753 KB   35/98 KB   2/4452 KB   21/21 KB   92/753 KB   35/98 KB   2/4452 KB   21/21 KB   93/753 KB   35/98 KB   2/4452 KB   21/21 KB   93/753 KB   37/98 KB   2/4452 KB   21/21 KB   94/753 KB   37/98 KB   2/4452 KB   21/21 KB   94/753 KB   38/98 KB   2/4452 KB   21/21 KB   96/753 KB   38/98 KB   2/4452 KB   21/21 KB   96/753 KB   39/98 KB   2/4452 KB   21/21 KB   96/753 KB   39/98 KB   3/4452 KB   21/21 KB   97/753 KB   41/98 KB   3/4452 KB   21/21 KB   97/753 KB   41/98 KB   3/4452 KB   21/21 KB   97/753 KB   41/98 KB   5/4452 KB   21/21 KB   98/753 KB   42/98 KB   5/4452 KB   21/21 KB   98/753 KB   42/98 KB   5/4452 KB   21/21 KB   98/753 KB   42/98 KB   6/4452 KB   21/21 KB   100/753 KB   42/98 KB   6/4452 KB   21/21 KB   100/753 KB   43/98 KB   6/4452 KB   21/21 KB   100/753 KB   43/98 KB   7/4452 KB   21/21 KB   101/753 KB   43/98 KB   7/4452 KB   21/21 KB   101/753 KB   45/98 KB   7/4452 KB   21/21 KB   101/753 KB   45/98 KB   9/4452 KB   21/21 KB   102/753 KB   45/98 KB   9/4452 KB   21/21 KB   102/753 KB   46/98 KB   9/4452 KB   21/21 KB   104/753 KB   46/98 KB   10/4452 KB   21/21 KB   102/753 KB   46/98 KB   10/4452 KB   21/21 KB   104/753 KB   47/98 KB   10/4452 KB   21/21 KB   105/753 KB   47/98 KB   10/4452 KB   21/21 KB   105/753 KB   49/98 KB   11/4452 KB   21/21 KB   106/753 KB   49/98 KB   11/4452 KB   21/21 KB   106/753 KB   49/98 KB   11/4452 KB   21/21 KB   106/753 KB   50/98 KB   11/4452 KB   21/21 KB   108/753 KB   51/98 KB   11/4452 KB   21/21 KB   108/753 KB   51/98 KB   11/4452 KB   21/21 KB   108/753 KB   51/98 KB   13/4452 KB   21/21 KB   108/753 KB   53/98 KB   13/4452 KB   21/21 KB   109/753 KB   53/98 KB   13/4452 KB   21/21 KB   109/753 KB   53/98 KB   14/4452 KB   21/21 KB   109/753 KB   54/98 KB   14/4452 KB   21/21 KB   109/753 KB   54/98 KB   15/4452 KB   21/21 KB   110/753 KB   54/98 KB   15/4452 KB   21/21 KB   110/753 KB   55/98 KB   15/4452 KB   21/21 KB   112/753 KB   55/98 KB   15/4452 KB   21/21 KB   112/753 KB   55/98 KB   17/4452 KB   21/21 KB   113/753 KB   55/98 KB   17/4452 KB   21/21 KB   113/753 KB   57/98 KB   17/4452 KB   21/21 KB   114/753 KB   57/98 KB   17/4452 KB   21/21 KB   114/753 KB   57/98 KB   18/4452 KB   21/21 KB   116/753 KB   57/98 KB   18/4452 KB   21/21 KB   116/753 KB   57/98 KB   19/4452 KB   21/21 KB   117/753 KB   57/98 KB   19/4452 KB   21/21 KB   117/753 KB   58/98 KB   19/4452 KB   21/21 KB   117/753 KB   58/98 KB   21/4452 KB   21/21 KB   118/753 KB   58/98 KB   21/4452 KB   21/21 KB   118/753 KB   59/98 KB   21/4452 KB   21/21 KB   118/753 KB   59/98 KB   22/4452 KB   21/21 KB   120/753 KB   59/98 KB   22/4452 KB   21/21 KB   120/753 KB   61/98 KB   22/4452 KB   21/21 KB   120/753 KB   61/98 KB   23/4452 KB   21/21 KB   121/753 KB   61/98 KB   23/4452 KB   21/21 KB   121/753 KB   62/98 KB   23/4452 KB   21/21 KB   121/753 KB   62/98 KB   25/4452 KB   21/21 KB   122/753 KB   62/98 KB   25/4452 KB   21/21 KB   122/753 KB   63/98 KB   25/4452 KB   21/21 KB   124/753 KB   63/98 KB   25/4452 KB   21/21 KB   124/753 KB   63/98 KB   26/4452 KB   21/21 KB   124/753 KB   65/98 KB   26/4452 KB   21/21 KB   125/753 KB   65/98 KB   26/4452 KB   21/21 KB   125/753 KB   65/98 KB   27/4452 KB   21/21 KB   126/753 KB   66/98 KB   27/4452 KB   21/21 KB   126/753 KB   66/98 KB   27/4452 KB   21/21 KB   126/753 KB   66/98 KB   29/4452 KB   21/21 KB   128/753 KB   66/98 KB   29/4452 KB   21/21 KB   129/753 KB   67/98 KB   30/4452 KB   21/21 KB   129/753 KB   67/98 KB   30/4452 KB   21/21 KB   130/753 KB   67/98 KB   30/4452 KB   21/21 KB   130/753 KB   69/98 KB   30/4452 KB   21/21 KB   130/753 KB   69/98 KB   30/4452 KB   21/21 KB   132/753 KB   69/98 KB   30/4452 KB   21/21 KB   132/753 KB   70/98 KB   30/4452 KB   21/21 KB   133/753 KB   70/98 KB   30/4452 KB   21/21 KB   133/753 KB   70/98 KB   31/4452 KB   21/21 KB   133/753 KB   71/98 KB   31/4452 KB   21/21 KB   134/753 KB   71/98 KB   31/4452 KB   21/21 KB   134/753 KB   71/98 KB   33/4452 KB   21/21 KB   136/753 KB   71/98 KB   33/4452 KB   21/21 KB   136/753 KB   73/98 KB   33/4452 KB   21/21 KB   137/753 KB   73/98 KB   33/4452 KB   21/21 KB   137/753 KB   73/98 KB   34/4452 KB   21/21 KB   138/753 KB   74/98 KB   34/4452 KB   21/21 KB   137/753 KB   74/98 KB   34/4452 KB   21/21 KB   138/753 KB   74/98 KB   35/4452 KB   21/21 KB   140/753 KB   74/98 KB   35/4452 KB   21/21 KB   140/753 KB   75/98 KB   35/4452 KB   21/21 KB   141/753 KB   77/98 KB   35/4452 KB   21/21 KB   141/753 KB   75/98 KB   35/4452 KB   21/21 KB   141/753 KB   77/98 KB   37/4452 KB   21/21 KB   141/753 KB   78/98 KB   37/4452 KB   21/21 KB   142/753 KB   78/98 KB   37/4452 KB   21/21 KB   142/753 KB   79/98 KB   37/4452 KB   21/21 KB   142/753 KB   79/98 KB   38/4452 KB   21/21 KB   142/753 KB   79/98 KB   39/4452 KB   21/21 KB   142/753 KB   79/98 KB   41/4452 KB   21/21 KB                                                   142/753 KB   81/98 KB   41/4452 KB              Downloaded: https://repo.maven.apache.org/maven2/org/codehaus/groovy/groovy-jsr223/2.4.6/groovy-jsr223-2.4.6.jar (21 KB at 385.7 KB/sec)
142/753 KB   81/98 KB   42/4452 KB   144/753 KB   81/98 KB   42/4452 KB   144/753 KB   82/98 KB   42/4452 KB   144/753 KB   82/98 KB   43/4452 KB   144/753 KB   82/98 KB   45/4452 KB   144/753 KB   82/98 KB   46/4452 KB   144/753 KB   82/98 KB   47/4452 KB   144/753 KB   84/98 KB   47/4452 KB   144/753 KB   84/98 KB   49/4452 KB   145/753 KB   84/98 KB   49/4452 KB   145/753 KB   85/98 KB   49/4452 KB   146/753 KB   85/98 KB   50/4452 KB   146/753 KB   85/98 KB   50/4452 KB   146/753 KB   86/98 KB   50/4452 KB   148/753 KB   86/98 KB   50/4452 KB   148/753 KB   86/98 KB   51/4452 KB   148/753 KB   88/98 KB   51/4452 KB   149/753 KB   88/98 KB   51/4452 KB   149/753 KB   88/98 KB   53/4452 KB   149/753 KB   89/98 KB   53/4452 KB   150/753 KB   89/98 KB   53/4452 KB   150/753 KB   90/98 KB   54/4452 KB   150/753 KB   90/98 KB   54/4452 KB   152/753 KB   90/98 KB   54/4452 KB   152/753 KB   92/98 KB   54/4452 KB   152/753 KB   92/98 KB   55/4452 KB   153/753 KB   92/98 KB   55/4452 KB   153/753 KB   93/98 KB   55/4452 KB   153/753 KB   93/98 KB   57/4452 KB   153/753 KB   94/98 KB   57/4452 KB   154/753 KB   94/98 KB   57/4452 KB   154/753 KB   96/98 KB   57/4452 KB   154/753 KB   96/98 KB   58/4452 KB   156/753 KB   96/98 KB   58/4452 KB   156/753 KB   97/98 KB   58/4452 KB   157/753 KB   97/98 KB   58/4452 KB   157/753 KB   98/98 KB   59/4452 KB   157/753 KB   98/98 KB   59/4452 KB   157/753 KB   98/98 KB   59/4452 KB   158/753 KB   98/98 KB   59/4452 KB   158/753 KB   98/98 KB   61/4452 KB   160/753 KB   98/98 KB   61/4452 KB   160/753 KB   98/98 KB   62/4452 KB   161/753 KB   98/98 KB   62/4452 KB   161/753 KB   98/98 KB   63/4452 KB   163/753 KB   98/98 KB   63/4452 KB   163/753 KB   98/98 KB   65/4452 KB   164/753 KB   98/98 KB   65/4452 KB   165/753 KB   98/98 KB   65/4452 KB   165/753 KB   98/98 KB   66/4452 KB   167/753 KB   98/98 KB   66/4452 KB   167/753 KB   98/98 KB   67/4452 KB   168/753 KB   98/98 KB   67/4452 KB   168/753 KB   98/98 KB   69/4452 KB   169/753 KB   98/98 KB   69/4452 KB   169/753 KB   98/98 KB   70/4452 KB   171/753 KB   98/98 KB   70/4452 KB   171/753 KB   98/98 KB   71/4452 KB   172/753 KB   98/98 KB   71/4452 KB   172/753 KB   98/98 KB   73/4452 KB   173/753 KB   98/98 KB   73/4452 KB   175/753 KB   98/98 KB   73/4452 KB   175/753 KB   98/98 KB   74/4452 KB   175/753 KB   98/98 KB   75/4452 KB   176/753 KB   98/98 KB   75/4452 KB   176/753 KB   98/98 KB   77/4452 KB   177/753 KB   98/98 KB   77/4452 KB   177/753 KB   98/98 KB   78/4452 KB   177/753 KB   98/98 KB   79/4452 KB   177/753 KB   98/98 KB   81/4452 KB   177/753 KB   98/98 KB   82/4452 KB   177/753 KB   98/98 KB   84/4452 KB   177/753 KB   98/98 KB   85/4452 KB   179/753 KB   98/98 KB   85/4452 KB   179/753 KB   98/98 KB   86/4452 KB   180/753 KB   98/98 KB   86/4452 KB   181/753 KB   98/98 KB   88/4452 KB   181/753 KB   98/98 KB   88/4452 KB   183/753 KB   98/98 KB   88/4452 KB   183/753 KB   98/98 KB   89/4452 KB   183/753 KB   98/98 KB   90/4452 KB   184/753 KB   98/98 KB   90/4452 KB   184/753 KB   98/98 KB   92/4452 KB   185/753 KB   98/98 KB   92/4452 KB   185/753 KB   98/98 KB   93/4452 KB   187/753 KB   98/98 KB   93/4452 KB   188/753 KB   98/98 KB   93/4452 KB   188/753 KB   98/98 KB   94/4452 KB   189/753 KB   98/98 KB   94/4452 KB   189/753 KB   98/98 KB   96/4452 KB   191/753 KB   98/98 KB   96/4452 KB   191/753 KB   98/98 KB   97/4452 KB   192/753 KB   98/98 KB   97/4452 KB   192/753 KB   98/98 KB   98/4452 KB   193/753 KB   98/98 KB   98/4452 KB   193/753 KB   98/98 KB   100/4452 KB   195/753 KB   98/98 KB   100/4452 KB   196/753 KB   98/98 KB   100/4452 KB   196/753 KB   98/98 KB   101/4452 KB   197/753 KB   98/98 KB   101/4452 KB   197/753 KB   98/98 KB   102/4452 KB   199/753 KB   98/98 KB   102/4452 KB   199/753 KB   98/98 KB   104/4452 KB   200/753 KB   98/98 KB   104/4452 KB   200/753 KB   98/98 KB   105/4452 KB   201/753 KB   98/98 KB   105/4452 KB   203/753 KB   98/98 KB   105/4452 KB   203/753 KB   98/98 KB   106/4452 KB   204/753 KB   98/98 KB   106/4452 KB   205/753 KB   98/98 KB   106/4452 KB   207/753 KB   98/98 KB   106/4452 KB   207/753 KB   98/98 KB   108/4452 KB   208/753 KB   98/98 KB   108/4452 KB   208/753 KB   98/98 KB   109/4452 KB   209/753 KB   98/98 KB   109/4452 KB   209/753 KB   98/98 KB   110/4452 KB   211/753 KB   98/98 KB   110/4452 KB   212/753 KB   98/98 KB   110/4452 KB   212/753 KB   98/98 KB   112/4452 KB   213/753 KB   98/98 KB   112/4452 KB   213/753 KB   98/98 KB   113/4452 KB   215/753 KB   98/98 KB   113/4452 KB   215/753 KB   98/98 KB   114/4452 KB   216/753 KB   98/98 KB   114/4452 KB   216/753 KB   98/98 KB   116/4452 KB   217/753 KB   98/98 KB   116/4452 KB   219/753 KB   98/98 KB   117/4452 KB   217/753 KB   98/98 KB   117/4452 KB   220/753 KB   98/98 KB   117/4452 KB   220/753 KB   98/98 KB   118/4452 KB   221/753 KB   98/98 KB   118/4452 KB   221/753 KB   98/98 KB   120/4452 KB   223/753 KB   98/98 KB   120/4452 KB   223/753 KB   98/98 KB   121/4452 KB   224/753 KB   98/98 KB   121/4452 KB   225/753 KB   98/98 KB   121/4452 KB   225/753 KB   98/98 KB   122/4452 KB   227/753 KB   98/98 KB   122/4452 KB   227/753 KB   98/98 KB   124/4452 KB   228/753 KB   98/98 KB   124/4452 KB   228/753 KB   98/98 KB   125/4452 KB   229/753 KB   98/98 KB   125/4452 KB   229/753 KB   98/98 KB   126/4452 KB   231/753 KB   98/98 KB   126/4452 KB   232/753 KB   98/98 KB   126/4452 KB   232/753 KB   98/98 KB   128/4452 KB   232/753 KB   98/98 KB   129/4452 KB   233/753 KB   98/98 KB   129/4452 KB   235/753 KB   98/98 KB   130/4452 KB   235/753 KB   98/98 KB   130/4452 KB   236/753 KB   98/98 KB   130/4452 KB   236/753 KB   98/98 KB   132/4452 KB   237/753 KB   98/98 KB   132/4452 KB   237/753 KB   98/98 KB   133/4452 KB   239/753 KB   98/98 KB   133/4452 KB   239/753 KB   98/98 KB   134/4452 KB   240/753 KB   98/98 KB   134/4452 KB   240/753 KB   98/98 KB   136/4452 KB   241/753 KB   98/98 KB   136/4452 KB   243/753 KB   98/98 KB   136/4452 KB   243/753 KB   98/98 KB   137/4452 KB   244/753 KB   98/98 KB   137/4452 KB   244/753 KB   98/98 KB   138/4452 KB   246/753 KB   98/98 KB   138/4452 KB   246/753 KB   98/98 KB   140/4452 KB   247/753 KB   98/98 KB   140/4452 KB   247/753 KB   98/98 KB   141/4452 KB   248/753 KB   98/98 KB   141/4452 KB   248/753 KB   98/98 KB   142/4452 KB   250/753 KB   98/98 KB   142/4452 KB   250/753 KB   98/98 KB   144/4452 KB   251/753 KB   98/98 KB   144/4452 KB   251/753 KB   98/98 KB   145/4452 KB   252/753 KB   98/98 KB   145/4452 KB   254/753 KB   98/98 KB   145/4452 KB   254/753 KB   98/98 KB   146/4452 KB   255/753 KB   98/98 KB   146/4452 KB   255/753 KB   98/98 KB   148/4452 KB   256/753 KB   98/98 KB   148/4452 KB   256/753 KB   98/98 KB   149/4452 KB   258/753 KB   98/98 KB   149/4452 KB   258/753 KB   98/98 KB   150/4452 KB   259/753 KB   98/98 KB   150/4452 KB   259/753 KB   98/98 KB   152/4452 KB   260/753 KB   98/98 KB   152/4452 KB   260/753 KB   98/98 KB   153/4452 KB   262/753 KB   98/98 KB   153/4452 KB   262/753 KB   98/98 KB   154/4452 KB   263/753 KB   98/98 KB   154/4452 KB   264/753 KB   98/98 KB   154/4452 KB   264/753 KB   98/98 KB   156/4452 KB   266/753 KB   98/98 KB   156/4452 KB   266/753 KB   98/98 KB   157/4452 KB   267/753 KB   98/98 KB   157/4452 KB   267/753 KB   98/98 KB   158/4452 KB   268/753 KB   98/98 KB   158/4452 KB   268/753 KB   98/98 KB   160/4452 KB   270/753 KB   98/98 KB   160/4452 KB   270/753 KB   98/98 KB   161/4452 KB   271/753 KB   98/98 KB   161/4452 KB   272/753 KB   98/98 KB   163/4452 KB   271/753 KB   98/98 KB   163/4452 KB   274/753 KB   98/98 KB   163/4452 KB   274/753 KB   98/98 KB   164/4452 KB   275/753 KB   98/98 KB   164/4452 KB   275/753 KB   98/98 KB   165/4452 KB   276/753 KB   98/98 KB   165/4452 KB   276/753 KB   98/98 KB   167/4452 KB   278/753 KB   98/98 KB   167/4452 KB   279/753 KB   98/98 KB   167/4452 KB   279/753 KB   98/98 KB   168/4452 KB   280/753 KB   98/98 KB   168/4452 KB   280/753 KB   98/98 KB   169/4452 KB   282/753 KB   98/98 KB   169/4452 KB   282/753 KB   98/98 KB   171/4452 KB   283/753 KB   98/98 KB   171/4452 KB   283/753 KB   98/98 KB   172/4452 KB   284/753 KB   98/98 KB   172/4452 KB   284/753 KB   98/98 KB   173/4452 KB   286/753 KB   98/98 KB   173/4452 KB   287/753 KB   98/98 KB   173/4452 KB   287/753 KB   98/98 KB   175/4452 KB   288/753 KB   98/98 KB   175/4452 KB   288/753 KB   98/98 KB   176/4452 KB   290/753 KB   98/98 KB   176/4452 KB   290/753 KB   98/98 KB   177/4452 KB   291/753 KB   98/98 KB   177/4452 KB   291/753 KB   98/98 KB   179/4452 KB   292/753 KB   98/98 KB   179/4452 KB                                         292/753 KB   180/4452 KB              294/753 KB   180/4452 KB   Downloaded: https://repo.maven.apache.org/maven2/javax/xml/bind/jaxb-api/2.2.7/jaxb-api-2.2.7.jar (98 KB at 1339.7 KB/sec)
295/753 KB   181/4452 KB   295/753 KB   181/4452 KB   296/753 KB   181/4452 KB   296/753 KB   183/4452 KB   298/753 KB   183/4452 KB   298/753 KB   184/4452 KB   299/753 KB   184/4452 KB   299/753 KB   185/4452 KB   300/753 KB   185/4452 KB   300/753 KB   187/4452 KB   302/753 KB   187/4452 KB   302/753 KB   188/4452 KB   303/753 KB   188/4452 KB   303/753 KB   189/4452 KB   304/753 KB   189/4452 KB   304/753 KB   191/4452 KB   306/753 KB   191/4452 KB   307/753 KB   191/4452 KB   307/753 KB   192/4452 KB   308/753 KB   192/4452 KB   308/753 KB   193/4452 KB   310/753 KB   193/4452 KB   310/753 KB   195/4452 KB   311/753 KB   195/4452 KB   311/753 KB   196/4452 KB   312/753 KB   196/4452 KB   312/753 KB   197/4452 KB   314/753 KB   197/4452 KB   314/753 KB   199/4452 KB   315/753 KB   199/4452 KB   315/753 KB   200/4452 KB   316/753 KB   200/4452 KB   318/753 KB   200/4452 KB   318/753 KB   201/4452 KB   319/753 KB   201/4452 KB   319/753 KB   203/4452 KB   320/753 KB   203/4452 KB   320/753 KB   204/4452 KB   322/753 KB   204/4452 KB   322/753 KB   205/4452 KB   323/753 KB   205/4452 KB   325/753 KB   205/4452 KB   325/753 KB   207/4452 KB   326/753 KB   207/4452 KB   326/753 KB   208/4452 KB   327/753 KB   208/4452 KB   327/753 KB   209/4452 KB   329/753 KB   209/4452 KB   329/753 KB   211/4452 KB   330/753 KB   211/4452 KB   330/753 KB   212/4452 KB   331/753 KB   212/4452 KB   333/753 KB   212/4452 KB   333/753 KB   213/4452 KB   333/753 KB   214/4452 KB   334/753 KB   214/4452 KB   335/753 KB   214/4452 KB   337/753 KB   214/4452 KB   338/753 KB   214/4452 KB   339/753 KB   214/4452 KB   341/753 KB   214/4452 KB   342/753 KB   214/4452 KB   343/753 KB   214/4452 KB   345/753 KB   214/4452 KB   346/753 KB   214/4452 KB   346/753 KB   218/4452 KB   347/753 KB   218/4452 KB   347/753 KB   222/4452 KB   349/753 KB   222/4452 KB   349/753 KB   226/4452 KB   349/753 KB   230/4452 KB   350/753 KB   230/4452 KB   351/753 KB   230/4452 KB   353/753 KB   230/4452 KB   354/753 KB   230/4452 KB   355/753 KB   230/4452 KB   357/753 KB   230/4452 KB   358/753 KB   230/4452 KB   359/753 KB   230/4452 KB   359/753 KB   234/4452 KB   361/753 KB   234/4452 KB   361/753 KB   238/4452 KB   362/753 KB   238/4452 KB   362/753 KB   242/4452 KB   362/753 KB   246/4452 KB   363/753 KB   246/4452 KB   365/753 KB   246/4452 KB   366/753 KB   246/4452 KB   367/753 KB   246/4452 KB   369/753 KB   246/4452 KB   370/753 KB   246/4452 KB   371/753 KB   246/4452 KB   373/753 KB   246/4452 KB   373/753 KB   250/4452 KB   374/753 KB   250/4452 KB   374/753 KB   254/4452 KB   375/753 KB   254/4452 KB   375/753 KB   258/4452 KB   375/753 KB   262/4452 KB   377/753 KB   262/4452 KB   378/753 KB   262/4452 KB   379/753 KB   262/4452 KB   381/753 KB   262/4452 KB   382/753 KB   262/4452 KB   383/753 KB   262/4452 KB   385/753 KB   262/4452 KB   386/753 KB   262/4452 KB   387/753 KB   262/4452 KB   387/753 KB   266/4452 KB   389/753 KB   266/4452 KB   389/753 KB   270/4452 KB   389/753 KB   274/4452 KB   390/753 KB   274/4452 KB   390/753 KB   278/4452 KB   391/753 KB   278/4452 KB   393/753 KB   278/4452 KB   394/753 KB   278/4452 KB   395/753 KB   278/4452 KB   397/753 KB   278/4452 KB   398/753 KB   278/4452 KB   399/753 KB   278/4452 KB   401/753 KB   278/4452 KB   401/753 KB   282/4452 KB   402/753 KB   282/4452 KB   402/753 KB   286/4452 KB   402/753 KB   290/4452 KB   403/753 KB   290/4452 KB   403/753 KB   294/4452 KB   405/753 KB   294/4452 KB   406/753 KB   294/4452 KB   408/753 KB   294/4452 KB   409/753 KB   294/4452 KB   410/753 KB   294/4452 KB   412/753 KB   294/4452 KB   413/753 KB   294/4452 KB   414/753 KB   294/4452 KB   414/753 KB   298/4452 KB   416/753 KB   298/4452 KB   416/753 KB   302/4452 KB   417/753 KB   306/4452 KB   417/753 KB   306/4452 KB   417/753 KB   310/4452 KB   418/753 KB   310/4452 KB   420/753 KB   310/4452 KB   421/753 KB   310/4452 KB   422/753 KB   310/4452 KB   424/753 KB   310/4452 KB   425/753 KB   310/4452 KB   426/753 KB   310/4452 KB   428/753 KB   310/4452 KB   429/753 KB   310/4452 KB   429/753 KB   314/4452 KB   429/753 KB   318/4452 KB   430/753 KB   318/4452 KB   430/753 KB   322/4452 KB   430/753 KB   326/4452 KB   432/753 KB   326/4452 KB   433/753 KB   326/4452 KB   434/753 KB   326/4452 KB   436/753 KB   326/4452 KB   437/753 KB   326/4452 KB   438/753 KB   326/4452 KB   440/753 KB   326/4452 KB   441/753 KB   326/4452 KB   441/753 KB   330/4452 KB   442/753 KB   330/4452 KB   442/753 KB   334/4452 KB   444/753 KB   334/4452 KB   444/753 KB   338/4452 KB   444/753 KB   342/4452 KB   445/753 KB   342/4452 KB   446/753 KB   342/4452 KB   448/753 KB   342/4452 KB   449/753 KB   342/4452 KB   450/753 KB   342/4452 KB   452/753 KB   342/4452 KB   453/753 KB   342/4452 KB   454/753 KB   342/4452 KB   454/753 KB   346/4452 KB   456/753 KB   346/4452 KB   456/753 KB   350/4452 KB   456/753 KB   354/4452 KB   457/753 KB   354/4452 KB   457/753 KB   358/4452 KB   458/753 KB   358/4452 KB   460/753 KB   358/4452 KB   461/753 KB   358/4452 KB   462/753 KB   358/4452 KB   464/753 KB   358/4452 KB   464/753 KB   358/4452 KB   464/753 KB   362/4452 KB   464/753 KB   366/4452 KB   464/753 KB   370/4452 KB   464/753 KB   374/4452 KB   468/753 KB   374/4452 KB   472/753 KB   374/4452 KB   476/753 KB   374/4452 KB   480/753 KB   374/4452 KB   480/753 KB   378/4452 KB   480/753 KB   382/4452 KB   484/753 KB   382/4452 KB   484/753 KB   386/4452 KB   488/753 KB   386/4452 KB   488/753 KB   390/4452 KB   492/753 KB   390/4452 KB   496/753 KB   390/4452 KB   496/753 KB   394/4452 KB   496/753 KB   398/4452 KB   500/753 KB   398/4452 KB   500/753 KB   402/4452 KB   504/753 KB   402/4452 KB   504/753 KB   406/4452 KB   508/753 KB   406/4452 KB   512/753 KB   406/4452 KB   516/753 KB   406/4452 KB   520/753 KB   406/4452 KB   520/753 KB   410/4452 KB   524/753 KB   410/4452 KB   524/753 KB   414/4452 KB   528/753 KB   414/4452 KB   528/753 KB   418/4452 KB   528/753 KB   422/4452 KB   532/753 KB   422/4452 KB   536/753 KB   422/4452 KB   540/753 KB   422/4452 KB   544/753 KB   422/4452 KB   544/753 KB   426/4452 KB   544/753 KB   430/4452 KB   544/753 KB   434/4452 KB   544/753 KB   438/4452 KB   548/753 KB   438/4452 KB   552/753 KB   438/4452 KB   556/753 KB   438/4452 KB   560/753 KB   438/4452 KB   560/753 KB   442/4452 KB   560/753 KB   446/4452 KB   560/753 KB   450/4452 KB   560/753 KB   454/4452 KB   564/753 KB   454/4452 KB   568/753 KB   454/4452 KB   572/753 KB   454/4452 KB   576/753 KB   454/4452 KB   576/753 KB   458/4452 KB   576/753 KB   462/4452 KB   576/753 KB   466/4452 KB   576/753 KB   470/4452 KB   580/753 KB   470/4452 KB   584/753 KB   470/4452 KB   588/753 KB   470/4452 KB   592/753 KB   470/4452 KB   592/753 KB   474/4452 KB   592/753 KB   478/4452 KB   596/753 KB   478/4452 KB   596/753 KB   482/4452 KB   600/753 KB   482/4452 KB   600/753 KB   486/4452 KB   604/753 KB   486/4452 KB   608/753 KB   486/4452 KB   612/753 KB   486/4452 KB   612/753 KB   490/4452 KB   616/753 KB   490/4452 KB   616/753 KB   494/4452 KB   620/753 KB   494/4452 KB   620/753 KB   498/4452 KB   624/753 KB   498/4452 KB   624/753 KB   502/4452 KB   628/753 KB   502/4452 KB   628/753 KB   506/4452 KB   632/753 KB   506/4452 KB   632/753 KB   510/4452 KB   636/753 KB   510/4452 KB   636/753 KB   514/4452 KB   640/753 KB   514/4452 KB   640/753 KB   518/4452 KB   644/753 KB   518/4452 KB   648/753 KB   518/4452 KB   652/753 KB   518/4452 KB   652/753 KB   522/4452 KB   656/753 KB   522/4452 KB   656/753 KB   526/4452 KB   656/753 KB   530/4452 KB   656/753 KB   534/4452 KB   660/753 KB   534/4452 KB   664/753 KB   534/4452 KB   668/753 KB   534/4452 KB   672/753 KB   534/4452 KB   672/753 KB   538/4452 KB   672/753 KB   542/4452 KB   672/753 KB   546/4452 KB   676/753 KB   546/4452 KB   676/753 KB   550/4452 KB   678/753 KB   550/4452 KB   682/753 KB   550/4452 KB   686/753 KB   550/4452 KB   686/753 KB   554/4452 KB   690/753 KB   554/4452 KB   690/753 KB   558/4452 KB   694/753 KB   558/4452 KB   694/753 KB   562/4452 KB   694/753 KB   566/4452 KB   698/753 KB   566/4452 KB   702/753 KB   566/4452 KB   706/753 KB   566/4452 KB   710/753 KB   566/4452 KB   710/753 KB   570/4452 KB   710/753 KB   574/4452 KB   710/753 KB   578/4452 KB   710/753 KB   582/4452 KB   714/753 KB   582/4452 KB   718/753 KB   582/4452 KB   722/753 KB   582/4452 KB   726/753 KB   582/4452 KB   726/753 KB   586/4452 KB   726/753 KB   590/4452 KB   726/753 KB   594/4452 KB   726/753 KB   598/4452 KB   730/753 KB   598/4452 KB   734/753 KB   598/4452 KB   738/753 KB   598/4452 KB   742/753 KB   598/4452 KB   742/753 KB   602/4452 KB   742/753 KB   606/4452 KB   746/753 KB   606/4452 KB   750/753 KB   606/4452 KB   750/753 KB   610/4452 KB   753/753 KB   610/4452 KB   753/753 KB   614/4452 KB   753/753 KB   618/4452 KB   753/753 KB   622/4452 KB   753/753 KB   626/4452 KB   753/753 KB   630/4452 KB   753/753 KB   634/4452 KB   753/753 KB   638/4452 KB   753/753 KB   642/4452 KB   753/753 KB   646/4452 KB   753/753 KB   650/4452 KB   753/753 KB   654/4452 KB   753/753 KB   658/4452 KB   753/753 KB   662/4452 KB   753/753 KB   666/4452 KB   753/753 KB   670/4452 KB   753/753 KB   674/4452 KB   753/753 KB   678/4452 KB   753/753 KB   682/4452 KB   753/753 KB   686/4452 KB   753/753 KB   690/4452 KB   753/753 KB   694/4452 KB   753/753 KB   698/4452 KB   753/753 KB   702/4452 KB   753/753 KB   706/4452 KB   753/753 KB   710/4452 KB   753/753 KB   714/4452 KB   753/753 KB   718/4452 KB   753/753 KB   722/4452 KB   753/753 KB   726/4452 KB   753/753 KB   730/4452 KB   753/753 KB   734/4452 KB   753/753 KB   738/4452 KB   753/753 KB   742/4452 KB   753/753 KB   746/4452 KB   753/753 KB   750/4452 KB   753/753 KB   754/4452 KB   753/753 KB   758/4452 KB   2/252 KB   753/753 KB   758/4452 KB   2/252 KB   753/753 KB   762/4452 KB   2/252 KB   753/753 KB   766/4452 KB   2/252 KB   753/753 KB   770/4452 KB   2/252 KB   753/753 KB   774/4452 KB   2/252 KB   753/753 KB   778/4452 KB   2/252 KB   753/753 KB   782/4452 KB   2/252 KB   753/753 KB   786/4452 KB   2/252 KB   753/753 KB   790/4452 KB   2/252 KB   753/753 KB   794/4452 KB   2/252 KB   753/753 KB   798/4452 KB   2/252 KB   753/753 KB   802/4452 KB   2/252 KB   753/753 KB   806/4452 KB   2/252 KB   753/753 KB   810/4452 KB   2/252 KB   753/753 KB   814/4452 KB   2/252 KB   753/753 KB   818/4452 KB   2/252 KB   753/753 KB   822/4452 KB   2/252 KB   753/753 KB   826/4452 KB   2/252 KB   753/753 KB   830/4452 KB   2/252 KB   753/753 KB   834/4452 KB   2/252 KB   753/753 KB   838/4452 KB   2/252 KB   753/753 KB   842/4452 KB   2/252 KB   753/753 KB   846/4452 KB   2/252 KB   753/753 KB   850/4452 KB   2/252 KB   753/753 KB   854/4452 KB   2/252 KB   753/753 KB   858/4452 KB   2/252 KB   753/753 KB   862/4452 KB   2/252 KB   753/753 KB   866/4452 KB   2/252 KB   753/753 KB   870/4452 KB   3/252 KB   753/753 KB   870/4452 KB   5/252 KB   753/753 KB   870/4452 KB   5/252 KB   753/753 KB   874/4452 KB   5/252 KB   753/753 KB   878/4452 KB   5/252 KB   753/753 KB   882/4452 KB   6/252 KB   753/753 KB   882/4452 KB   6/252 KB   753/753 KB   886/4452 KB   7/252 KB   753/753 KB   886/4452 KB   9/252 KB   753/753 KB   886/4452 KB   10/252 KB   753/753 KB   886/4452 KB   10/252 KB   753/753 KB   890/4452 KB   11/252 KB   753/753 KB   890/4452 KB   11/252 KB   753/753 KB   894/4452 KB   13/252 KB   753/753 KB   894/4452 KB   13/252 KB   753/753 KB   898/4452 KB   13/252 KB   753/753 KB   902/4452 KB   14/252 KB   753/753 KB   902/4452 KB   15/252 KB   753/753 KB   902/4452 KB   15/252 KB   753/753 KB   906/4452 KB   15/252 KB   753/753 KB   910/4452 KB   15/252 KB   753/753 KB   914/4452 KB   17/252 KB   753/753 KB   914/4452 KB   17/252 KB   753/753 KB   918/4452 KB   18/252 KB   753/753 KB   918/4452 KB   19/252 KB   753/753 KB   918/4452 KB   19/252 KB   753/753 KB   922/4452 KB   19/252 KB   753/753 KB   926/4452 KB   21/252 KB   753/753 KB   926/4452 KB   21/252 KB   753/753 KB   928/4452 KB   22/252 KB   753/753 KB   928/4452 KB   23/252 KB   753/753 KB   928/4452 KB   25/252 KB   753/753 KB   928/4452 KB   25/252 KB   753/753 KB   932/4452 KB   26/252 KB   753/753 KB   932/4452 KB   26/252 KB   753/753 KB   936/4452 KB   26/252 KB   753/753 KB   940/4452 KB   27/252 KB   753/753 KB   940/4452 KB   27/252 KB   753/753 KB   944/4452 KB   29/252 KB   753/753 KB   944/4452 KB   30/252 KB   753/753 KB   944/4452 KB   31/252 KB   753/753 KB   944/4452 KB   31/252 KB   753/753 KB   948/4452 KB   33/252 KB   753/753 KB   948/4452 KB   33/252 KB   753/753 KB   952/4452 KB   33/252 KB   753/753 KB   956/4452 KB   33/252 KB   753/753 KB   960/4452 KB   34/252 KB   753/753 KB   960/4452 KB   35/252 KB   753/753 KB   960/4452 KB   37/252 KB   753/753 KB   960/4452 KB   38/252 KB   753/753 KB   960/4452 KB   38/252 KB   753/753 KB   964/4452 KB   39/252 KB   753/753 KB   964/4452 KB   39/252 KB   753/753 KB   968/4452 KB   39/252 KB   753/753 KB   972/4452 KB   41/252 KB   753/753 KB   972/4452 KB   41/252 KB   753/753 KB   976/4452 KB   42/252 KB   753/753 KB   976/4452 KB   43/252 KB   753/753 KB   976/4452 KB   45/252 KB   753/753 KB   976/4452 KB   45/252 KB   753/753 KB   980/4452 KB   46/252 KB   753/753 KB   980/4452 KB   46/252 KB   753/753 KB   984/4452 KB   46/252 KB   753/753 KB   988/4452 KB   47/252 KB   753/753 KB   988/4452 KB   47/252 KB   753/753 KB   992/4452 KB   49/252 KB   753/753 KB   992/4452 KB   50/252 KB   753/753 KB   992/4452 KB   51/252 KB   753/753 KB   992/4452 KB   51/252 KB   753/753 KB   996/4452 KB   53/252 KB   753/753 KB   996/4452 KB   53/252 KB   753/753 KB   1000/4452 KB   53/252 KB   753/753 KB   1004/4452 KB   54/252 KB   753/753 KB   1004/4452 KB   54/252 KB   753/753 KB   1008/4452 KB   55/252 KB   753/753 KB   1008/4452 KB   57/252 KB   753/753 KB   1008/4452 KB   58/252 KB   753/753 KB   1008/4452 KB   58/252 KB   753/753 KB   1012/4452 KB   59/252 KB   753/753 KB   1012/4452 KB   59/252 KB   753/753 KB   1016/4452 KB   59/252 KB   753/753 KB   1020/4452 KB   59/252 KB   753/753 KB   1024/4452 KB   61/252 KB   753/753 KB   1024/4452 KB   62/252 KB   753/753 KB   1024/4452 KB   63/252 KB   753/753 KB   1024/4452 KB   65/252 KB   753/753 KB   1024/4452 KB   65/252 KB   753/753 KB   1028/4452 KB   66/252 KB   753/753 KB   1028/4452 KB   66/252 KB   753/753 KB   1032/4452 KB   66/252 KB   753/753 KB   1036/4452 KB   67/252 KB   753/753 KB   1036/4452 KB   67/252 KB   753/753 KB   1040/4452 KB   69/252 KB   753/753 KB   1040/4452 KB   70/252 KB   753/753 KB   1040/4452 KB   71/252 KB   753/753 KB   1040/4452 KB   73/252 KB   753/753 KB   1040/4452 KB   73/252 KB   753/753 KB   1044/4452 KB   73/252 KB   753/753 KB   1048/4452 KB   73/252 KB   753/753 KB   1052/4452 KB   74/252 KB   753/753 KB   1052/4452 KB   74/252 KB   753/753 KB   1056/4452 KB   75/252 KB   753/753 KB   1056/4452 KB   77/252 KB   753/753 KB   1056/4452 KB   78/252 KB   753/753 KB   1056/4452 KB   78/252 KB   753/753 KB   1060/4452 KB   79/252 KB   753/753 KB   1060/4452 KB   79/252 KB   753/753 KB   1064/4452 KB   79/252 KB   753/753 KB   1068/4452 KB   81/252 KB   753/753 KB   1068/4452 KB   81/252 KB   753/753 KB   1072/4452 KB   82/252 KB   753/753 KB   1072/4452 KB   84/252 KB   753/753 KB   1072/4452 KB   85/252 KB   753/753 KB   1072/4452 KB   85/252 KB   753/753 KB   1076/4452 KB   86/252 KB   753/753 KB   1076/4452 KB   86/252 KB   753/753 KB   1080/4452 KB   86/252 KB   753/753 KB   1084/4452 KB   88/252 KB   753/753 KB   1084/4452 KB   88/252 KB   753/753 KB   1088/4452 KB   89/252 KB   753/753 KB   1088/4452 KB   90/252 KB   753/753 KB   1088/4452 KB   92/252 KB   753/753 KB   1088/4452 KB   92/252 KB   753/753 KB   1092/4452 KB   93/252 KB   753/753 KB   1092/4452 KB   93/252 KB   753/753 KB   1096/4452 KB   93/252 KB   753/753 KB   1100/4452 KB   94/252 KB   753/753 KB   1100/4452 KB   94/252 KB   753/753 KB   1104/4452 KB   96/252 KB   753/753 KB   1104/4452 KB   97/252 KB   753/753 KB   1104/4452 KB   98/252 KB   753/753 KB   1104/4452 KB   100/252 KB   753/753 KB   1104/4452 KB   100/252 KB   753/753 KB   1108/4452 KB   100/252 KB   753/753 KB   1112/4452 KB   101/252 KB   753/753 KB   1116/4452 KB   101/252 KB   753/753 KB   1116/4452 KB   101/252 KB   753/753 KB   1120/4452 KB   102/252 KB   753/753 KB   1120/4452 KB   104/252 KB   753/753 KB   1120/4452 KB   105/252 KB   753/753 KB   1120/4452 KB   106/252 KB   753/753 KB   1120/4452 KB   106/252 KB   753/753 KB   1124/4452 KB   106/252 KB   753/753 KB   1128/4452 KB   108/252 KB   753/753 KB   1128/4452 KB   108/252 KB   753/753 KB   1132/4452 KB   108/252 KB   753/753 KB   1136/4452 KB   109/252 KB   753/753 KB   1136/4452 KB   110/252 KB   753/753 KB   1136/4452 KB   110/252 KB   753/753 KB   1140/4452 KB   112/252 KB   753/753 KB   1140/4452 KB   112/252 KB   753/753 KB   1142/4452 KB   113/252 KB   753/753 KB   1142/4452 KB   114/252 KB   753/753 KB   1142/4452 KB   116/252 KB   753/753 KB   1142/4452 KB   117/252 KB   753/753 KB   1142/4452 KB   117/252 KB   753/753 KB   1146/4452 KB   117/252 KB   753/753 KB   1150/4452 KB   117/252 KB   753/753 KB   1154/4452 KB   118/252 KB   753/753 KB   1154/4452 KB   118/252 KB   753/753 KB   1158/4452 KB   120/252 KB   753/753 KB   1158/4452 KB   121/252 KB   753/753 KB   1158/4452 KB   122/252 KB   753/753 KB   1158/4452 KB   122/252 KB   753/753 KB   1162/4452 KB   122/252 KB   753/753 KB   1166/4452 KB   124/252 KB   753/753 KB   1166/4452 KB   124/252 KB   753/753 KB   1170/4452 KB   124/252 KB   753/753 KB   1174/4452 KB   125/252 KB   753/753 KB   1174/4452 KB   126/252 KB   753/753 KB   1174/4452 KB   128/252 KB   753/753 KB   1174/4452 KB   129/252 KB   753/753 KB   1174/4452 KB   129/252 KB   753/753 KB   1178/4452 KB   129/252 KB   753/753 KB   1182/4452 KB   130/252 KB   753/753 KB   1182/4452 KB   130/252 KB   753/753 KB   1186/4452 KB   130/252 KB   753/753 KB   1190/4452 KB   132/252 KB   753/753 KB   1190/4452 KB   133/252 KB   753/753 KB   1190/4452 KB   134/252 KB   753/753 KB   1190/4452 KB   136/252 KB   753/753 KB   1190/4452 KB   136/252 KB   753/753 KB   1194/4452 KB   137/252 KB   753/753 KB   1194/4452 KB   137/252 KB   753/753 KB   1198/4452 KB   138/252 KB   753/753 KB   1198/4452 KB   138/252 KB   753/753 KB   1202/4452 KB   138/252 KB   753/753 KB   1206/4452 KB   140/252 KB   753/753 KB   1206/4452 KB   141/252 KB   753/753 KB   1206/4452 KB   142/252 KB   753/753 KB   1206/4452 KB   144/252 KB   753/753 KB   1206/4452 KB   144/252 KB   753/753 KB   1210/4452 KB   145/252 KB   753/753 KB   1210/4452 KB   145/252 KB   753/753 KB   1214/4452 KB   145/252 KB   753/753 KB   1218/4452 KB   145/252 KB   753/753 KB   1222/4452 KB   146/252 KB   753/753 KB   1222/4452 KB   148/252 KB   753/753 KB   1222/4452 KB   149/252 KB   753/753 KB   1222/4452 KB   150/252 KB   753/753 KB   1222/4452 KB   152/252 KB   753/753 KB   1222/4452 KB   152/252 KB   753/753 KB   1226/4452 KB   152/252 KB   753/753 KB   1230/4452 KB   152/252 KB   753/753 KB   1234/4452 KB   153/252 KB   753/753 KB   1234/4452 KB   153/252 KB   753/753 KB   1238/4452 KB   154/252 KB   753/753 KB   1238/4452 KB   156/252 KB   753/753 KB   1238/4452 KB   157/252 KB   753/753 KB   1238/4452 KB   158/252 KB   753/753 KB   1238/4452 KB   158/252 KB   753/753 KB   1242/4452 KB   158/252 KB   753/753 KB   1246/4452 KB   160/252 KB   753/753 KB   1246/4452 KB   160/252 KB   753/753 KB   1250/4452 KB   160/252 KB   753/753 KB   1254/4452 KB   161/252 KB   753/753 KB   1254/4452 KB   163/252 KB   753/753 KB   1254/4452 KB   164/252 KB   753/753 KB   1254/4452 KB   165/252 KB   753/753 KB   1254/4452 KB   165/252 KB   753/753 KB   1258/4452 KB   167/252 KB   753/753 KB   1258/4452 KB   167/252 KB   753/753 KB   1262/4452 KB   167/252 KB   753/753 KB   1266/4452 KB   168/252 KB   753/753 KB   1266/4452 KB   168/252 KB   753/753 KB   1270/4452 KB   169/252 KB   753/753 KB   1270/4452 KB                                            171/252 KB   1270/4452 KB                Downloaded: https://repo.maven.apache.org/maven2/org/javassist/javassist/3.23.1-GA/javassist-3.23.1-GA.jar (753 KB at 4917.6 KB/sec)
172/252 KB   1270/4452 KB   172/252 KB   1274/4452 KB   173/252 KB   1274/4452 KB   173/252 KB   1278/4452 KB   173/252 KB   1282/4452 KB   175/252 KB   1282/4452 KB   175/252 KB   1286/4452 KB   176/252 KB   1286/4452 KB   177/252 KB   1286/4452 KB   179/252 KB   1286/4452 KB   179/252 KB   1290/4452 KB   180/252 KB   1290/4452 KB   180/252 KB   1294/4452 KB   180/252 KB   1298/4452 KB   181/252 KB   1298/4452 KB   181/252 KB   1302/4452 KB   183/252 KB   1302/4452 KB   184/252 KB   1302/4452 KB   185/252 KB   1302/4452 KB   187/252 KB   1302/4452 KB   187/252 KB   1306/4452 KB   187/252 KB   1310/4452 KB   188/252 KB   1310/4452 KB   188/252 KB   1314/4452 KB   188/252 KB   1318/4452 KB   189/252 KB   1318/4452 KB   191/252 KB   1318/4452 KB   192/252 KB   1318/4452 KB   193/252 KB   1318/4452 KB   193/252 KB   1322/4452 KB   193/252 KB   1326/4452 KB   195/252 KB   1326/4452 KB   195/252 KB   1330/4452 KB   195/252 KB   1334/4452 KB   196/252 KB   1334/4452 KB   197/252 KB   1334/4452 KB   199/252 KB   1334/4452 KB   200/252 KB   1334/4452 KB   200/252 KB   1338/4452 KB   201/252 KB   1338/4452 KB   201/252 KB   1342/4452 KB   201/252 KB   1346/4452 KB   203/252 KB   1350/4452 KB   203/252 KB   1350/4452 KB   204/252 KB   1350/4452 KB   205/252 KB   1350/4452 KB   207/252 KB   1350/4452 KB   208/252 KB   1350/4452 KB   208/252 KB   1354/4452 KB   208/252 KB   1358/4452 KB   208/252 KB   1362/4452 KB   209/252 KB   1362/4452 KB   209/252 KB   1366/4452 KB   211/252 KB   1366/4452 KB   212/252 KB   1366/4452 KB   213/252 KB   1366/4452 KB   214/252 KB   1366/4452 KB   214/252 KB   1370/4452 KB   214/252 KB   1374/4452 KB   214/252 KB   1378/4452 KB   214/252 KB   1382/4452 KB   214/252 KB   1386/4452 KB   214/252 KB   1390/4452 KB   218/252 KB   1390/4452 KB   218/252 KB   1394/4452 KB   218/252 KB   1398/4452 KB   222/252 KB   1398/4452 KB   226/252 KB   1398/4452 KB   230/252 KB   1398/4452 KB   230/252 KB   1402/4452 KB   230/252 KB   1406/4452 KB   230/252 KB   1410/4452 KB   230/252 KB   1414/4452 KB   234/252 KB   1414/4452 KB   238/252 KB   1414/4452 KB   238/252 KB   1418/4452 KB   242/252 KB   1418/4452 KB   242/252 KB   1422/4452 KB   246/252 KB   1422/4452 KB   246/252 KB   1426/4452 KB   246/252 KB   1430/4452 KB   250/252 KB   1430/4452 KB   252/252 KB   1430/4452 KB   252/252 KB   1434/4452 KB   252/252 KB   1438/4452 KB   252/252 KB   1442/4452 KB   252/252 KB   1446/4452 KB   252/252 KB   1450/4452 KB   252/252 KB   1454/4452 KB   252/252 KB   1458/4452 KB   252/252 KB   1462/4452 KB   252/252 KB   1466/4452 KB   252/252 KB   1470/4452 KB   252/252 KB   1474/4452 KB   252/252 KB   1478/4452 KB   252/252 KB   1482/4452 KB   252/252 KB   1486/4452 KB   252/252 KB   1490/4452 KB   252/252 KB   1494/4452 KB   252/252 KB   1498/4452 KB   252/252 KB   1502/4452 KB   252/252 KB   1506/4452 KB   252/252 KB   1510/4452 KB   252/252 KB   1514/4452 KB   252/252 KB   1518/4452 KB   252/252 KB   1522/4452 KB   252/252 KB   1526/4452 KB   252/252 KB   1530/4452 KB   252/252 KB   1534/4452 KB   252/252 KB   1538/4452 KB   252/252 KB   1542/4452 KB   252/252 KB   1546/4452 KB   252/252 KB   1550/4452 KB   252/252 KB   1554/4452 KB   252/252 KB   1558/4452 KB   252/252 KB   1562/4452 KB   252/252 KB   1566/4452 KB   252/252 KB   1570/4452 KB   252/252 KB   1574/4452 KB   252/252 KB   1578/4452 KB   252/252 KB   1582/4452 KB   252/252 KB   1586/4452 KB   252/252 KB   1590/4452 KB   252/252 KB   1594/4452 KB   252/252 KB   1598/4452 KB   252/252 KB   1602/4452 KB   252/252 KB   1606/4452 KB   252/252 KB   1610/4452 KB   252/252 KB   1614/4452 KB   252/252 KB   1618/4452 KB   252/252 KB   1622/4452 KB   252/252 KB   1626/4452 KB   252/252 KB   1630/4452 KB   252/252 KB   1634/4452 KB   252/252 KB   1638/4452 KB   252/252 KB   1642/4452 KB   252/252 KB   1646/4452 KB   252/252 KB   1650/4452 KB   252/252 KB   1654/4452 KB   252/252 KB   1658/4452 KB   252/252 KB   1662/4452 KB   252/252 KB   1666/4452 KB   252/252 KB   1670/4452 KB   252/252 KB   1674/4452 KB   252/252 KB   1678/4452 KB   252/252 KB   1682/4452 KB   252/252 KB   1686/4452 KB   252/252 KB   1690/4452 KB   252/252 KB   1694/4452 KB   252/252 KB   1698/4452 KB   252/252 KB   1702/4452 KB   252/252 KB   1706/4452 KB   252/252 KB   1710/4452 KB   252/252 KB   1714/4452 KB   252/252 KB   1718/4452 KB   252/252 KB   1722/4452 KB   252/252 KB   1726/4452 KB   252/252 KB   1730/4452 KB   252/252 KB   1734/4452 KB   252/252 KB   1738/4452 KB   252/252 KB   1742/4452 KB   252/252 KB   1746/4452 KB   252/252 KB   1750/4452 KB   252/252 KB   1754/4452 KB   252/252 KB   1758/4452 KB   252/252 KB   1762/4452 KB   252/252 KB   1766/4452 KB   252/252 KB   1770/4452 KB   252/252 KB   1774/4452 KB   252/252 KB   1778/4452 KB   252/252 KB   1782/4452 KB   252/252 KB   1786/4452 KB   252/252 KB   1790/4452 KB   252/252 KB   1794/4452 KB   252/252 KB   1798/4452 KB   252/252 KB   1802/4452 KB   252/252 KB   1806/4452 KB   252/252 KB   1810/4452 KB   252/252 KB   1814/4452 KB   252/252 KB   1818/4452 KB   252/252 KB   1822/4452 KB   252/252 KB   1826/4452 KB   252/252 KB   1830/4452 KB   252/252 KB   1834/4452 KB   252/252 KB   1838/4452 KB   252/252 KB   1842/4452 KB   252/252 KB   1846/4452 KB   252/252 KB   1850/4452 KB   252/252 KB   1854/4452 KB   252/252 KB   1856/4452 KB   252/252 KB   1860/4452 KB   252/252 KB   1864/4452 KB   252/252 KB   1868/4452 KB   252/252 KB   1872/4452 KB   252/252 KB   1876/4452 KB   252/252 KB   1880/4452 KB   252/252 KB   1884/4452 KB   252/252 KB   1888/4452 KB   252/252 KB   1892/4452 KB   252/252 KB   1896/4452 KB   252/252 KB   1900/4452 KB   252/252 KB   1904/4452 KB   252/252 KB   1908/4452 KB   252/252 KB   1912/4452 KB   252/252 KB   1916/4452 KB   252/252 KB   1920/4452 KB   252/252 KB   1924/4452 KB   252/252 KB   1928/4452 KB   252/252 KB   1932/4452 KB   252/252 KB   1936/4452 KB   252/252 KB   1940/4452 KB   252/252 KB   1944/4452 KB   252/252 KB   1948/4452 KB   252/252 KB   1952/4452 KB   252/252 KB   1956/4452 KB   252/252 KB   1960/4452 KB   252/252 KB   1964/4452 KB   252/252 KB   1968/4452 KB   252/252 KB   1972/4452 KB   252/252 KB   1976/4452 KB   252/252 KB   1980/4452 KB   252/252 KB   1984/4452 KB   252/252 KB   1988/4452 KB   252/252 KB   1992/4452 KB   252/252 KB   1996/4452 KB   252/252 KB   2000/4452 KB   252/252 KB   2004/4452 KB   252/252 KB   2008/4452 KB   252/252 KB   2012/4452 KB   252/252 KB   2016/4452 KB   252/252 KB   2020/4452 KB   252/252 KB   2024/4452 KB   252/252 KB   2028/4452 KB   252/252 KB   2032/4452 KB   252/252 KB   2036/4452 KB   252/252 KB   2040/4452 KB   252/252 KB   2044/4452 KB   252/252 KB   2048/4452 KB   252/252 KB   2052/4452 KB   252/252 KB   2056/4452 KB   252/252 KB   2060/4452 KB   252/252 KB   2064/4452 KB   252/252 KB   2068/4452 KB   252/252 KB   2070/4452 KB   252/252 KB   2074/4452 KB   252/252 KB   2078/4452 KB   252/252 KB   2082/4452 KB   252/252 KB   2086/4452 KB   252/252 KB   2090/4452 KB   252/252 KB   2094/4452 KB   252/252 KB   2098/4452 KB   252/252 KB   2102/4452 KB   252/252 KB   2106/4452 KB   252/252 KB   2110/4452 KB   252/252 KB   2114/4452 KB   252/252 KB   2118/4452 KB   252/252 KB   2122/4452 KB   252/252 KB   2126/4452 KB   252/252 KB   2130/4452 KB   252/252 KB   2134/4452 KB   252/252 KB   2138/4452 KB   252/252 KB   2142/4452 KB   252/252 KB   2146/4452 KB   252/252 KB   2150/4452 KB   252/252 KB   2154/4452 KB   252/252 KB   2158/4452 KB   252/252 KB   2162/4452 KB   252/252 KB   2166/4452 KB   252/252 KB   2170/4452 KB   252/252 KB   2174/4452 KB   252/252 KB   2178/4452 KB   252/252 KB   2182/4452 KB   252/252 KB   2186/4452 KB   252/252 KB   2190/4452 KB   252/252 KB   2194/4452 KB   252/252 KB   2198/4452 KB   252/252 KB   2202/4452 KB   252/252 KB   2206/4452 KB   252/252 KB   2210/4452 KB   252/252 KB   2214/4452 KB   252/252 KB   2218/4452 KB   252/252 KB   2222/4452 KB   252/252 KB   2226/4452 KB   252/252 KB   2230/4452 KB   252/252 KB   2234/4452 KB   252/252 KB   2238/4452 KB   252/252 KB   2242/4452 KB   252/252 KB   2246/4452 KB   252/252 KB   2250/4452 KB   252/252 KB   2254/4452 KB   252/252 KB   2258/4452 KB   252/252 KB   2262/4452 KB   252/252 KB   2266/4452 KB   252/252 KB   2270/4452 KB   252/252 KB   2274/4452 KB   252/252 KB   2278/4452 KB   252/252 KB   2282/4452 KB   252/252 KB   2286/4452 KB   252/252 KB   2290/4452 KB   252/252 KB   2294/4452 KB   252/252 KB   2298/4452 KB   252/252 KB   2302/4452 KB   252/252 KB   2306/4452 KB   252/252 KB   2310/4452 KB   252/252 KB   2314/4452 KB   252/252 KB   2318/4452 KB   252/252 KB   2322/4452 KB   252/252 KB   2326/4452 KB   252/252 KB   2330/4452 KB   252/252 KB   2334/4452 KB   252/252 KB   2338/4452 KB   252/252 KB   2342/4452 KB   252/252 KB   2346/4452 KB   252/252 KB   2350/4452 KB   252/252 KB   2354/4452 KB   252/252 KB   2358/4452 KB   252/252 KB   2362/4452 KB   252/252 KB   2366/4452 KB   252/252 KB   2370/4452 KB   252/252 KB   2374/4452 KB   252/252 KB   2378/4452 KB   252/252 KB   2382/4452 KB   252/252 KB   2386/4452 KB   252/252 KB   2390/4452 KB   252/252 KB   2394/4452 KB   252/252 KB   2398/4452 KB   252/252 KB   2402/4452 KB   252/252 KB   2406/4452 KB   252/252 KB   2410/4452 KB   252/252 KB   2414/4452 KB   252/252 KB   2418/4452 KB   252/252 KB   2422/4452 KB   252/252 KB   2426/4452 KB   252/252 KB   2430/4452 KB   252/252 KB   2434/4452 KB   252/252 KB   2438/4452 KB   252/252 KB   2442/4452 KB   252/252 KB   2446/4452 KB   252/252 KB   2450/4452 KB   252/252 KB   2454/4452 KB   252/252 KB   2458/4452 KB   252/252 KB   2462/4452 KB   252/252 KB   2466/4452 KB   252/252 KB   2470/4452 KB   252/252 KB   2474/4452 KB   252/252 KB   2478/4452 KB   252/252 KB   2482/4452 KB   252/252 KB   2486/4452 KB   252/252 KB   2490/4452 KB   252/252 KB   2494/4452 KB   252/252 KB   2498/4452 KB   252/252 KB   2502/4452 KB   252/252 KB   2506/4452 KB   252/252 KB   2510/4452 KB   252/252 KB   2514/4452 KB   252/252 KB   2518/4452 KB   252/252 KB   2522/4452 KB   252/252 KB   2526/4452 KB   252/252 KB   2530/4452 KB   252/252 KB   2534/4452 KB   252/252 KB   2538/4452 KB   252/252 KB   2542/4452 KB   252/252 KB   2546/4452 KB   252/252 KB   2550/4452 KB   252/252 KB   2554/4452 KB   252/252 KB   2558/4452 KB   252/252 KB   2562/4452 KB   252/252 KB   2566/4452 KB   252/252 KB   2570/4452 KB   252/252 KB   2574/4452 KB   252/252 KB   2578/4452 KB   252/252 KB   2582/4452 KB   252/252 KB   2586/4452 KB   252/252 KB   2590/4452 KB   252/252 KB   2594/4452 KB   252/252 KB   2598/4452 KB   252/252 KB   2602/4452 KB   252/252 KB   2606/4452 KB   252/252 KB   2610/4452 KB   252/252 KB   2614/4452 KB   252/252 KB   2618/4452 KB   252/252 KB   2622/4452 KB   252/252 KB   2626/4452 KB   252/252 KB   2630/4452 KB   252/252 KB   2634/4452 KB   252/252 KB   2638/4452 KB   252/252 KB   2642/4452 KB   252/252 KB   2646/4452 KB   252/252 KB   2650/4452 KB   252/252 KB   2654/4452 KB   252/252 KB   2658/4452 KB   252/252 KB   2662/4452 KB   252/252 KB   2666/4452 KB   252/252 KB   2670/4452 KB   252/252 KB   2674/4452 KB   252/252 KB   2678/4452 KB   252/252 KB   2682/4452 KB   252/252 KB   2686/4452 KB   252/252 KB   2690/4452 KB   252/252 KB   2694/4452 KB   252/252 KB   2698/4452 KB   252/252 KB   2702/4452 KB   252/252 KB   2706/4452 KB   252/252 KB   2710/4452 KB   252/252 KB   2714/4452 KB   252/252 KB   2718/4452 KB   252/252 KB   2722/4452 KB   252/252 KB   2726/4452 KB   252/252 KB   2730/4452 KB   252/252 KB   2734/4452 KB   252/252 KB   2738/4452 KB   252/252 KB   2742/4452 KB   252/252 KB   2746/4452 KB   252/252 KB   2750/4452 KB   252/252 KB   2754/4452 KB   252/252 KB   2758/4452 KB   252/252 KB   2762/4452 KB   252/252 KB   2766/4452 KB   252/252 KB   2770/4452 KB   252/252 KB   2774/4452 KB   252/252 KB   2778/4452 KB   252/252 KB   2782/4452 KB   252/252 KB   2786/4452 KB   252/252 KB   2790/4452 KB   252/252 KB   2794/4452 KB   252/252 KB   2798/4452 KB   252/252 KB   2802/4452 KB   252/252 KB   2806/4452 KB   252/252 KB   2810/4452 KB   252/252 KB   2814/4452 KB   252/252 KB   2818/4452 KB   252/252 KB   2822/4452 KB   252/252 KB   2826/4452 KB   252/252 KB   2830/4452 KB   252/252 KB   2834/4452 KB   252/252 KB   2838/4452 KB   252/252 KB   2842/4452 KB   252/252 KB   2846/4452 KB   252/252 KB   2850/4452 KB   252/252 KB   2854/4452 KB   252/252 KB   2858/4452 KB   252/252 KB   2862/4452 KB   252/252 KB   2866/4452 KB   252/252 KB   2870/4452 KB   252/252 KB   2874/4452 KB   252/252 KB   2878/4452 KB   252/252 KB   2882/4452 KB   252/252 KB   2886/4452 KB   252/252 KB   2890/4452 KB   252/252 KB   2894/4452 KB   252/252 KB   2898/4452 KB   252/252 KB   2902/4452 KB   252/252 KB   2906/4452 KB   252/252 KB   2910/4452 KB   252/252 KB   2914/4452 KB   252/252 KB   2918/4452 KB   252/252 KB   2922/4452 KB   252/252 KB   2926/4452 KB   252/252 KB   2930/4452 KB   252/252 KB   2934/4452 KB   252/252 KB   2938/4452 KB   252/252 KB   2942/4452 KB   252/252 KB   2946/4452 KB   252/252 KB   2950/4452 KB   252/252 KB   2954/4452 KB   252/252 KB   2958/4452 KB   252/252 KB   2962/4452 KB   252/252 KB   2966/4452 KB   252/252 KB   2970/4452 KB   252/252 KB   2974/4452 KB   252/252 KB   2978/4452 KB   252/252 KB   2982/4452 KB   252/252 KB   2986/4452 KB   252/252 KB   2990/4452 KB   252/252 KB   2994/4452 KB   252/252 KB   2998/4452 KB   252/252 KB   3002/4452 KB   252/252 KB   3006/4452 KB   252/252 KB   3010/4452 KB   252/252 KB   3014/4452 KB   252/252 KB   3018/4452 KB   252/252 KB   3022/4452 KB   252/252 KB   3026/4452 KB   252/252 KB   3030/4452 KB   252/252 KB   3034/4452 KB   252/252 KB   3038/4452 KB   252/252 KB   3042/4452 KB   252/252 KB   3046/4452 KB   252/252 KB   3050/4452 KB   252/252 KB   3054/4452 KB   252/252 KB   3058/4452 KB   252/252 KB   3062/4452 KB   252/252 KB   3066/4452 KB   252/252 KB   3070/4452 KB   252/252 KB   3074/4452 KB   252/252 KB   3078/4452 KB   252/252 KB   3082/4452 KB   252/252 KB   3086/4452 KB   252/252 KB   3090/4452 KB   252/252 KB   3094/4452 KB   252/252 KB   3098/4452 KB   252/252 KB   3102/4452 KB   252/252 KB   3106/4452 KB   252/252 KB   3110/4452 KB   252/252 KB   3114/4452 KB   252/252 KB   3118/4452 KB   252/252 KB   3122/4452 KB   252/252 KB   3126/4452 KB   252/252 KB   3130/4452 KB   252/252 KB   3134/4452 KB   252/252 KB   3138/4452 KB   252/252 KB   3142/4452 KB   252/252 KB   3146/4452 KB   252/252 KB   3150/4452 KB   252/252 KB   3154/4452 KB   252/252 KB   3158/4452 KB   252/252 KB   3162/4452 KB   252/252 KB   3166/4452 KB   252/252 KB   3170/4452 KB   252/252 KB   3174/4452 KB   252/252 KB   3178/4452 KB   252/252 KB   3182/4452 KB   252/252 KB   3186/4452 KB   252/252 KB   3190/4452 KB   252/252 KB   3194/4452 KB   252/252 KB   3198/4452 KB   252/252 KB   3202/4452 KB   252/252 KB   3206/4452 KB   252/252 KB   3210/4452 KB   252/252 KB   3214/4452 KB   252/252 KB   3218/4452 KB   252/252 KB   3222/4452 KB   252/252 KB   3226/4452 KB   252/252 KB   3230/4452 KB   252/252 KB   3234/4452 KB   252/252 KB   3238/4452 KB   252/252 KB   3242/4452 KB   252/252 KB   3246/4452 KB   252/252 KB   3250/4452 KB   252/252 KB   3254/4452 KB   252/252 KB   3258/4452 KB   252/252 KB   3262/4452 KB   252/252 KB   3266/4452 KB   252/252 KB   3270/4452 KB   252/252 KB   3274/4452 KB   252/252 KB   3278/4452 KB   252/252 KB   3282/4452 KB   252/252 KB   3286/4452 KB   252/252 KB   3290/4452 KB   252/252 KB   3294/4452 KB   252/252 KB   3298/4452 KB   252/252 KB   3302/4452 KB   252/252 KB   3306/4452 KB   252/252 KB   3310/4452 KB   252/252 KB   3314/4452 KB   252/252 KB   3318/4452 KB   252/252 KB   3322/4452 KB   252/252 KB   3326/4452 KB   252/252 KB   3330/4452 KB   252/252 KB   3334/4452 KB   252/252 KB   3338/4452 KB   252/252 KB   3342/4452 KB   252/252 KB   3346/4452 KB   252/252 KB   3350/4452 KB   252/252 KB   3354/4452 KB   252/252 KB   3358/4452 KB   252/252 KB   3362/4452 KB   252/252 KB   3366/4452 KB   252/252 KB   3370/4452 KB   252/252 KB   3374/4452 KB   252/252 KB   3378/4452 KB   252/252 KB   3382/4452 KB   252/252 KB   3386/4452 KB   252/252 KB   3390/4452 KB   252/252 KB   3394/4452 KB   252/252 KB   3398/4452 KB   252/252 KB   3402/4452 KB   252/252 KB   3406/4452 KB   252/252 KB   3410/4452 KB   252/252 KB   3414/4452 KB   252/252 KB   3418/4452 KB   252/252 KB   3422/4452 KB   252/252 KB   3426/4452 KB   252/252 KB   3430/4452 KB   252/252 KB   3434/4452 KB   252/252 KB   3438/4452 KB   252/252 KB   3442/4452 KB   252/252 KB   3446/4452 KB   252/252 KB   3450/4452 KB   252/252 KB   3454/4452 KB   252/252 KB   3458/4452 KB   252/252 KB   3462/4452 KB   252/252 KB   3466/4452 KB   252/252 KB   3470/4452 KB   252/252 KB   3474/4452 KB   252/252 KB   3478/4452 KB   252/252 KB   3482/4452 KB   252/252 KB   3486/4452 KB   252/252 KB   3490/4452 KB   252/252 KB   3494/4452 KB   252/252 KB   3498/4452 KB   252/252 KB   3502/4452 KB   252/252 KB   3506/4452 KB   252/252 KB   3510/4452 KB   252/252 KB   3514/4452 KB   252/252 KB   3518/4452 KB   252/252 KB   3522/4452 KB   252/252 KB   3526/4452 KB   252/252 KB   3530/4452 KB   252/252 KB   3534/4452 KB   252/252 KB   3538/4452 KB   252/252 KB   3542/4452 KB   252/252 KB   3546/4452 KB   252/252 KB   3550/4452 KB   252/252 KB   3554/4452 KB   252/252 KB   3558/4452 KB                               Downloaded: https://repo.maven.apache.org/maven2/com/github/siom79/japicmp/japicmp/0.13.0/japicmp-0.13.0.jar (252 KB at 1006.1 KB/sec)
3562/4452 KB                3566/4452 KB   3570/4452 KB   3574/4452 KB   3578/4452 KB   3582/4452 KB   3586/4452 KB   3590/4452 KB   3594/4452 KB   3598/4452 KB   3602/4452 KB   3606/4452 KB   3610/4452 KB   3614/4452 KB   3618/4452 KB   3622/4452 KB   3626/4452 KB   3630/4452 KB   3634/4452 KB   3638/4452 KB   3642/4452 KB   3646/4452 KB   3650/4452 KB   3654/4452 KB   3658/4452 KB   3662/4452 KB   3666/4452 KB   3670/4452 KB   3674/4452 KB   3676/4452 KB   3680/4452 KB   3684/4452 KB   3688/4452 KB   3692/4452 KB   3696/4452 KB   3700/4452 KB   3704/4452 KB   3708/4452 KB   3712/4452 KB   3716/4452 KB   3720/4452 KB   3724/4452 KB   3728/4452 KB   3732/4452 KB   3736/4452 KB   3740/4452 KB   3744/4452 KB   3748/4452 KB   3752/4452 KB   3756/4452 KB   3760/4452 KB   3764/4452 KB   3768/4452 KB   3772/4452 KB   3776/4452 KB   3780/4452 KB   3784/4452 KB   3788/4452 KB   3792/4452 KB   3796/4452 KB   3800/4452 KB   3804/4452 KB   3808/4452 KB   3812/4452 KB   3816/4452 KB   3820/4452 KB   3824/4452 KB   3828/4452 KB   3832/4452 KB   3836/4452 KB   3840/4452 KB   3844/4452 KB   3848/4452 KB   3852/4452 KB   3856/4452 KB   3860/4452 KB   3864/4452 KB   3868/4452 KB   3872/4452 KB   3876/4452 KB   3880/4452 KB   3884/4452 KB   3888/4452 KB   3890/4452 KB   3894/4452 KB   3898/4452 KB   3902/4452 KB   3906/4452 KB   3910/4452 KB   3914/4452 KB   3918/4452 KB   3922/4452 KB   3926/4452 KB   3930/4452 KB   3934/4452 KB   3938/4452 KB   3942/4452 KB   3946/4452 KB   3950/4452 KB   3954/4452 KB   3958/4452 KB   3962/4452 KB   3966/4452 KB   3970/4452 KB   3974/4452 KB   3978/4452 KB   3982/4452 KB   3986/4452 KB   3990/4452 KB   3994/4452 KB   3998/4452 KB   4002/4452 KB   4006/4452 KB   4010/4452 KB   4014/4452 KB   4018/4452 KB   4022/4452 KB   4026/4452 KB   4030/4452 KB   4034/4452 KB   4038/4452 KB   4042/4452 KB   4046/4452 KB   4050/4452 KB   4054/4452 KB   4058/4452 KB   4062/4452 KB   4066/4452 KB   4070/4452 KB   4074/4452 KB   4078/4452 KB   4082/4452 KB   4086/4452 KB   4090/4452 KB   4094/4452 KB   4098/4452 KB   4102/4452 KB   4104/4452 KB   4108/4452 KB   4112/4452 KB   4116/4452 KB   4120/4452 KB   4124/4452 KB   4128/4452 KB   4132/4452 KB   4136/4452 KB   4140/4452 KB   4144/4452 KB   4148/4452 KB   4152/4452 KB   4156/4452 KB   4160/4452 KB   4164/4452 KB   4168/4452 KB   4172/4452 KB   4176/4452 KB   4180/4452 KB   4184/4452 KB   4188/4452 KB   4192/4452 KB   4196/4452 KB   4200/4452 KB   4204/4452 KB   4208/4452 KB   4212/4452 KB   4216/4452 KB   4220/4452 KB   4224/4452 KB   4228/4452 KB   4232/4452 KB   4236/4452 KB   4240/4452 KB   4244/4452 KB   4248/4452 KB   4252/4452 KB   4256/4452 KB   4260/4452 KB   4264/4452 KB   4268/4452 KB   4272/4452 KB   4276/4452 KB   4280/4452 KB   4284/4452 KB   4288/4452 KB   4292/4452 KB   4296/4452 KB   4300/4452 KB   4304/4452 KB   4308/4452 KB   4312/4452 KB   4316/4452 KB   4318/4452 KB   4322/4452 KB   4326/4452 KB   4330/4452 KB   4334/4452 KB   4338/4452 KB   4342/4452 KB   4346/4452 KB   4350/4452 KB   4354/4452 KB   4358/4452 KB   4362/4452 KB   4366/4452 KB   4370/4452 KB   4374/4452 KB   4378/4452 KB   4382/4452 KB   4386/4452 KB   4390/4452 KB   4394/4452 KB   4398/4452 KB   4402/4452 KB   4406/4452 KB   4410/4452 KB   4414/4452 KB   4418/4452 KB   4422/4452 KB   4426/4452 KB   4430/4452 KB   4434/4452 KB   4438/4452 KB   4442/4452 KB   4446/4452 KB   4450/4452 KB   4452/4452 KB                  Downloaded: https://repo.maven.apache.org/maven2/org/codehaus/groovy/groovy/2.4.6/groovy-2.4.6.jar (4452 KB at 13210.3 KB/sec)
[INFO] Written file '/lv_scratch/scratch/mondego/local/Maruf/ASE/projects/commons-compress/target/japicmp/japicmp.diff'.
[INFO] Written file '/lv_scratch/scratch/mondego/local/Maruf/ASE/projects/commons-compress/target/japicmp/japicmp.xml'.
[INFO] Written file '/lv_scratch/scratch/mondego/local/Maruf/ASE/projects/commons-compress/target/japicmp/japicmp.html'.
[INFO] ------------------------------------------------------------------------
[INFO] BUILD SUCCESS
[INFO] ------------------------------------------------------------------------
[INFO] Total time: 40.578 s
[INFO] Finished at: 2020-04-09T21:06:59-07:00
[INFO] Final Memory: 63M/3036M
[INFO] ------------------------------------------------------------------------
